<?xml version="1.0" encoding="utf-8"?>
<TestRun id="eca8d8bc-fbde-4c82-b15a-4656548ffc90" name="@pkrvmxyh4eaekms 2025-06-21 20:40:59" xmlns="http://microsoft.com/schemas/VisualStudio/TeamTest/2010">
  <Times creation="2025-06-21T20:40:59.9109563+00:00" queuing="2025-06-21T20:40:59.9109564+00:00" start="2025-06-21T20:40:57.9718112+00:00" finish="2025-06-21T20:41:13.4184615+00:00" />
  <TestSettings name="default" id="83032b1b-05a8-43f9-b056-87606928f5d8">
    <Deployment runDeploymentRoot="_pkrvmxyh4eaekms_2025-06-21_20_40_59" />
  </TestSettings>
  <Results>
    <UnitTestResult executionId="43b889a1-9375-4467-882f-9dd678bb1b80" testId="30788f73-9233-6c0e-20b9-e5e7738ce25a" testName="IsRegExMatchIntegration (null,null,True)" computerName="pkrvmxyh4eaekms" duration="00:00:00.0000173" startTime="2025-06-21T20:41:05.1122632+00:00" endTime="2025-06-21T20:41:05.1124501+00:00" testType="13cdc9d9-ddb5-4fa4-a97d-d965ccfc6d4b" outcome="Passed" testListId="8c84fa94-04c1-424b-9868-57a2d4851a1d" relativeResultsDirectory="43b889a1-9375-4467-882f-9dd678bb1b80" />
    <UnitTestResult executionId="5fcd8c5f-b7ab-40a0-b245-4446eb45edcf" testId="0120bcc0-0f50-9225-3552-7c8effeebf0b" testName="IsRegExMatchIntegrationArray (&quot;foo&quot;,null,False)" computerName="pkrvmxyh4eaekms" duration="00:00:00.0000181" startTime="2025-06-21T20:41:05.1183944+00:00" endTime="2025-06-21T20:41:05.1186145+00:00" testType="13cdc9d9-ddb5-4fa4-a97d-d965ccfc6d4b" outcome="Passed" testListId="8c84fa94-04c1-424b-9868-57a2d4851a1d" relativeResultsDirectory="5fcd8c5f-b7ab-40a0-b245-4446eb45edcf" />
    <UnitTestResult executionId="bc0f74fb-bd17-4e3e-82a0-b8399f66db34" testId="8332f7eb-6df6-17fa-7e37-7e0b63579e68" testName="IsRegExMatchIntegration (&quot;bar&quot;,&quot;b?r&quot;,True)" computerName="pkrvmxyh4eaekms" duration="00:00:00.0005873" startTime="2025-06-21T20:41:05.1111683+00:00" endTime="2025-06-21T20:41:05.1121826+00:00" testType="13cdc9d9-ddb5-4fa4-a97d-d965ccfc6d4b" outcome="Passed" testListId="8c84fa94-04c1-424b-9868-57a2d4851a1d" relativeResultsDirectory="bc0f74fb-bd17-4e3e-82a0-b8399f66db34" />
    <UnitTestResult executionId="0118a715-dbc3-44e9-b082-e720fc4c3308" testId="f817e4b5-d075-ea42-49a1-c565a73bb2f9" testName="IsRegExMatchIntegration (&quot;https:///&quot;)" computerName="pkrvmxyh4eaekms" duration="00:00:00.0107755" startTime="2025-06-21T20:40:58.4680773+00:00" endTime="2025-06-21T20:40:58.5009705+00:00" testType="13cdc9d9-ddb5-4fa4-a97d-d965ccfc6d4b" outcome="Passed" testListId="8c84fa94-04c1-424b-9868-57a2d4851a1d" relativeResultsDirectory="0118a715-dbc3-44e9-b082-e720fc4c3308" />
    <UnitTestResult executionId="b3a44deb-21f2-49db-ad06-cde067041256" testId="f59ea59b-b653-47f6-0ef9-de66dfc6c68e" testName="IsRegExMatchIntegrationArray (null,[null,&quot;&quot;,&quot;*&quot;,&quot;test&quot;],True)" computerName="pkrvmxyh4eaekms" duration="00:00:00.0000202" startTime="2025-06-21T20:41:05.1193375+00:00" endTime="2025-06-21T20:41:05.1195459+00:00" testType="13cdc9d9-ddb5-4fa4-a97d-d965ccfc6d4b" outcome="Passed" testListId="8c84fa94-04c1-424b-9868-57a2d4851a1d" relativeResultsDirectory="b3a44deb-21f2-49db-ad06-cde067041256" />
    <UnitTestResult executionId="30360da7-fa87-47d5-8291-44f4aab65749" testId="759c33a5-db99-6a11-9dab-1d09f154d970" testName="IsRegExMatchIntegrationArray (&quot;foo&quot;,[],False)" computerName="pkrvmxyh4eaekms" duration="00:00:00.0000136" startTime="2025-06-21T20:41:05.1186521+00:00" endTime="2025-06-21T20:41:05.1188425+00:00" testType="13cdc9d9-ddb5-4fa4-a97d-d965ccfc6d4b" outcome="Passed" testListId="8c84fa94-04c1-424b-9868-57a2d4851a1d" relativeResultsDirectory="30360da7-fa87-47d5-8291-44f4aab65749" />
    <UnitTestResult executionId="a69b2778-a731-421b-afcd-fd0ca1bd5a1a" testId="759c33a5-db99-6a11-9dab-1d09f154d970" testName="IsRegExMatchIntegrationArray (&quot;foo&quot;,[],False)" computerName="pkrvmxyh4eaekms" duration="00:00:00.0001635" startTime="2025-06-21T20:41:05.1161241+00:00" endTime="2025-06-21T20:41:05.1164449+00:00" testType="13cdc9d9-ddb5-4fa4-a97d-d965ccfc6d4b" outcome="Passed" testListId="8c84fa94-04c1-424b-9868-57a2d4851a1d" relativeResultsDirectory="a69b2778-a731-421b-afcd-fd0ca1bd5a1a" />
    <UnitTestResult executionId="a35023f6-4adc-45d2-8b5e-747238c8baf6" testId="759c33a5-db99-6a11-9dab-1d09f154d970" testName="IsRegExMatchIntegrationArray (&quot;foo&quot;,[],False)" computerName="pkrvmxyh4eaekms" duration="00:00:00.0004312" startTime="2025-06-21T20:41:05.1134152+00:00" endTime="2025-06-21T20:41:05.1160835+00:00" testType="13cdc9d9-ddb5-4fa4-a97d-d965ccfc6d4b" outcome="Passed" testListId="8c84fa94-04c1-424b-9868-57a2d4851a1d" relativeResultsDirectory="a35023f6-4adc-45d2-8b5e-747238c8baf6" />
    <UnitTestResult executionId="1a02b05f-bdc6-431b-8f09-c2c3fab77d96" testId="f59ea59b-b653-47f6-0ef9-de66dfc6c68e" testName="IsRegExMatchIntegrationArray (null,[null,&quot;&quot;,&quot;*&quot;,&quot;test&quot;],True)" computerName="pkrvmxyh4eaekms" duration="00:00:00.0000288" startTime="2025-06-21T20:41:05.1188779+00:00" endTime="2025-06-21T20:41:05.1192970+00:00" testType="13cdc9d9-ddb5-4fa4-a97d-d965ccfc6d4b" outcome="Passed" testListId="8c84fa94-04c1-424b-9868-57a2d4851a1d" relativeResultsDirectory="1a02b05f-bdc6-431b-8f09-c2c3fab77d96" />
    <UnitTestResult executionId="b72879a4-904d-4621-80e4-6c9c4f8735db" testId="e69d8f5b-d313-f04f-5932-a62b3c1372d8" testName="IsRegExMatchIntegration (null,&quot;*&quot;,False)" computerName="pkrvmxyh4eaekms" duration="00:00:00.0000161" startTime="2025-06-21T20:41:05.1127300+00:00" endTime="2025-06-21T20:41:05.1129757+00:00" testType="13cdc9d9-ddb5-4fa4-a97d-d965ccfc6d4b" outcome="Passed" testListId="8c84fa94-04c1-424b-9868-57a2d4851a1d" relativeResultsDirectory="b72879a4-904d-4621-80e4-6c9c4f8735db" />
    <UnitTestResult executionId="59073322-037b-4744-b743-ebd3001a45a6" testId="d7957730-df21-c691-a538-93b2799dc829" testName="IsRegExMatchIntegration (&quot;foo&quot;,&quot;*&quot;,True)" computerName="pkrvmxyh4eaekms" duration="00:00:00.0013450" startTime="2025-06-21T20:41:05.1087134+00:00" endTime="2025-06-21T20:41:05.1111123+00:00" testType="13cdc9d9-ddb5-4fa4-a97d-d965ccfc6d4b" outcome="Passed" testListId="8c84fa94-04c1-424b-9868-57a2d4851a1d" relativeResultsDirectory="59073322-037b-4744-b743-ebd3001a45a6" />
    <UnitTestResult executionId="42a8a111-b1f5-42f4-a993-fcb552e0f645" testId="c4369302-c56f-44fb-3f23-b1c04be4c3a7" testName="IsRegExMatchIntegration (&quot;foo&quot;,null,False)" computerName="pkrvmxyh4eaekms" duration="00:00:00.0000195" startTime="2025-06-21T20:41:05.1124898+00:00" endTime="2025-06-21T20:41:05.1126831+00:00" testType="13cdc9d9-ddb5-4fa4-a97d-d965ccfc6d4b" outcome="Passed" testListId="8c84fa94-04c1-424b-9868-57a2d4851a1d" relativeResultsDirectory="42a8a111-b1f5-42f4-a993-fcb552e0f645" />
    <UnitTestResult executionId="64e0b3ac-f625-42d8-90e4-fe94187bee39" testId="b292e116-23cd-95df-84c9-ccd9206c29c3" testName="IsRegExMatchIntegration (&quot;ydyn&quot;,&quot;*dyn*&quot;,True)" computerName="pkrvmxyh4eaekms" duration="00:00:00.0000285" startTime="2025-06-21T20:41:05.1130207+00:00" endTime="2025-06-21T20:41:05.1132017+00:00" testType="13cdc9d9-ddb5-4fa4-a97d-d965ccfc6d4b" outcome="Passed" testListId="8c84fa94-04c1-424b-9868-57a2d4851a1d" relativeResultsDirectory="64e0b3ac-f625-42d8-90e4-fe94187bee39" />
    <UnitTestResult executionId="0c4e0d9f-4a6c-4e7b-b475-894964b7fc3b" testId="89e140d1-765f-6ef4-2832-7f7040788513" testName="IsRegExMatchIntegrationArray (&quot;CRITFORGE.COM&quot;,[&quot;critforge.com&quot;],True)" computerName="pkrvmxyh4eaekms" duration="00:00:00.0000384" startTime="2025-06-21T20:41:05.1202055+00:00" endTime="2025-06-21T20:41:05.1204834+00:00" testType="13cdc9d9-ddb5-4fa4-a97d-d965ccfc6d4b" outcome="Passed" testListId="8c84fa94-04c1-424b-9868-57a2d4851a1d" relativeResultsDirectory="0c4e0d9f-4a6c-4e7b-b475-894964b7fc3b" />
    <UnitTestResult executionId="b3744125-e2a1-445b-98c5-37b6a3d2a18d" testId="eb8d22a9-258a-b1b2-581a-c04af435eac0" testName="IsRegExMatchIntegrationArray (&quot;foo&quot;,[&quot;*f*&quot;,&quot;*o&quot;,&quot;o&quot;],True)" computerName="pkrvmxyh4eaekms" duration="00:00:00.0000390" startTime="2025-06-21T20:41:05.1198890+00:00" endTime="2025-06-21T20:41:05.1201637+00:00" testType="13cdc9d9-ddb5-4fa4-a97d-d965ccfc6d4b" outcome="Passed" testListId="8c84fa94-04c1-424b-9868-57a2d4851a1d" relativeResultsDirectory="b3744125-e2a1-445b-98c5-37b6a3d2a18d" />
    <UnitTestResult executionId="e3c24a2c-9eee-4f01-8cac-8707a9dd816f" testId="df895dc0-2ccb-846a-e0ae-c35dd3884995" testName="TestMyMiddlewareIntegration (100)" computerName="pkrvmxyh4eaekms" duration="00:00:08.1187258" startTime="2025-06-21T20:41:05.1205295+00:00" endTime="2025-06-21T20:41:13.3538363+00:00" testType="13cdc9d9-ddb5-4fa4-a97d-d965ccfc6d4b" outcome="Passed" testListId="8c84fa94-04c1-424b-9868-57a2d4851a1d" relativeResultsDirectory="e3c24a2c-9eee-4f01-8cac-8707a9dd816f">
      <Output>
        <StdOut>dbug: Microsoft.Extensions.Hosting.Internal.Host[1]
      Hosting starting
dbug: Microsoft.AspNetCore.HostFiltering.HostFilteringMiddleware[7]
      Middleware configuration started with options: {AllowedHosts = *, AllowEmptyHosts = True, IncludeFailureMessage = True}
dbug: Microsoft.AspNetCore.HostFiltering.HostFilteringMiddleware[0]
      Wildcard detected, all requests with hosts will be allowed.
warn: Microsoft.AspNetCore.Server.Kestrel.Core.KestrelServer[8]
      The ASP.NET Core developer certificate is not trusted. For information about trusting the ASP.NET Core developer certificate, see https://aka.ms/aspnet/https-trust-dev-cert
info: Microsoft.Hosting.Lifetime[14]
      Now listening on: https://localhost:5426
dbug: Microsoft.AspNetCore.Hosting.Diagnostics[13]
      Loaded hosting startup assembly testhost
info: BlackBytesBox.Routed.RequestFilters.Services.MiddlewareFailurePointService[0]
      No persisted data file found at /home/runner/work/BlackBytesBox.Routed.RequestFilters/BlackBytesBox.Routed.RequestFilters/source/BlackBytesBox.Routed.RequestFilters/BlackBytesBox.Routed.RequestFilters.Tests/bin/Release/net9.0/FailurePointsFilteringMiddleware.json.
info: BlackBytesBox.Routed.RequestFilters.Middleware.FailurePointsFilteringMiddleware[0]
      Successfully loaded persisted data during application startup.
info: Microsoft.Hosting.Lifetime[0]
      Application started. Press Ctrl+C to shut down.
info: Microsoft.Hosting.Lifetime[0]
      Hosting environment: Production
info: Microsoft.Hosting.Lifetime[0]
      Content root path: /home/runner/work/BlackBytesBox.Routed.RequestFilters/BlackBytesBox.Routed.RequestFilters/source/BlackBytesBox.Routed.RequestFilters/BlackBytesBox.Routed.RequestFilters.Tests/bin/Release/net9.0
dbug: Microsoft.AspNetCore.Server.Kestrel.Connections[39]
      Connection id "0HNDH0FMSFPOQ" accepted.
dbug: Microsoft.AspNetCore.Server.Kestrel.Connections[1]
      Connection id "0HNDH0FMSFPOQ" started.
dbug: Microsoft.AspNetCore.Server.Kestrel.Https.Internal.HttpsConnectionMiddleware[3]
      Connection 0HNDH0FMSFPOQ established using the following protocol: Tls13
info: Microsoft.AspNetCore.Hosting.Diagnostics[1]
      Request starting HTTP/1.1 GET https://localhost:5426/home - - -
trce: Microsoft.AspNetCore.HostFiltering.HostFilteringMiddleware[2]
      All hosts are allowed.
dbug: Microsoft.AspNetCore.Routing.Matching.DfaMatcher[1001]
      1 candidate(s) found for the request path '/home'
dbug: Microsoft.AspNetCore.Routing.EndpointRoutingMiddleware[1]
      Request matched endpoint 'HTTP: GET /home'
trce: Microsoft.AspNetCore.Routing.EndpointRoutingMiddleware[8]
      The endpoint does not specify the IRequestSizeLimitMetadata.
dbug: BlackBytesBox.Routed.RequestFilters.Middleware.RemoteIPFilteringMiddleware[0]
      Allowed: RemoteIpAddress '::1' - continuing.
dbug: BlackBytesBox.Routed.RequestFilters.Middleware.CIDRFilteringMiddleware[0]
      Bypassing CIDR filtering for localhost.
dbug: BlackBytesBox.Routed.RequestFilters.Middleware.SegmentFilteringMiddleware[0]
      Whitelisted continue: URL segments 'https://localhost:5426/home' matched whitelisted pattern *.
dbug: BlackBytesBox.Routed.RequestFilters.Middleware.FailurePointsFilteringMiddleware[0]
      Allowed: IP '::1' with 0 failures - continuing.
info: Microsoft.AspNetCore.Routing.EndpointMiddleware[0]
      Executing endpoint 'HTTP: GET /home'
info: Microsoft.AspNetCore.Routing.EndpointMiddleware[1]
      Executed endpoint 'HTTP: GET /home'
dbug: Microsoft.AspNetCore.Server.Kestrel.Connections[9]
      Connection id "0HNDH0FMSFPOQ" completed keep alive response.
info: Microsoft.AspNetCore.Hosting.Diagnostics[2]
      Request finished HTTP/1.1 GET https://localhost:5426/home - 200 - - 5.3647ms
info: Microsoft.AspNetCore.Hosting.Diagnostics[1]
      Request starting HTTP/1.1 GET https://localhost:5426/home/fooa - - -
trce: Microsoft.AspNetCore.HostFiltering.HostFilteringMiddleware[2]
      All hosts are allowed.
dbug: Microsoft.AspNetCore.Routing.Matching.DfaMatcher[1001]
      1 candidate(s) found for the request path '/home/fooa'
dbug: Microsoft.AspNetCore.Routing.EndpointRoutingMiddleware[1]
      Request matched endpoint 'HTTP: GET /home/fooa'
trce: Microsoft.AspNetCore.Routing.EndpointRoutingMiddleware[8]
      The endpoint does not specify the IRequestSizeLimitMetadata.
dbug: BlackBytesBox.Routed.RequestFilters.Middleware.RemoteIPFilteringMiddleware[0]
      Allowed: RemoteIpAddress '::1' - continuing.
dbug: BlackBytesBox.Routed.RequestFilters.Middleware.CIDRFilteringMiddleware[0]
      Bypassing CIDR filtering for localhost.
dbug: BlackBytesBox.Routed.RequestFilters.Middleware.SegmentFilteringMiddleware[0]
      Whitelisted continue: URL segments 'https://localhost:5426/home/fooa' matched whitelisted pattern *.
dbug: BlackBytesBox.Routed.RequestFilters.Middleware.FailurePointsFilteringMiddleware[0]
      Allowed: IP '::1' with 0 failures - continuing.
info: Microsoft.AspNetCore.Routing.EndpointMiddleware[0]
      Executing endpoint 'HTTP: GET /home/fooa'
info: Microsoft.AspNetCore.Routing.EndpointMiddleware[1]
      Executed endpoint 'HTTP: GET /home/fooa'
dbug: Microsoft.AspNetCore.Server.Kestrel.Connections[9]
      Connection id "0HNDH0FMSFPOQ" completed keep alive response.
info: Microsoft.AspNetCore.Hosting.Diagnostics[2]
      Request finished HTTP/1.1 GET https://localhost:5426/home/fooa - 200 - - 1.3492ms
info: Microsoft.AspNetCore.Hosting.Diagnostics[1]
      Request starting HTTP/1.1 GET https://localhost:5426/ - - -
trce: Microsoft.AspNetCore.HostFiltering.HostFilteringMiddleware[2]
      All hosts are allowed.
dbug: Microsoft.AspNetCore.Routing.Matching.DfaMatcher[1001]
      1 candidate(s) found for the request path '/'
dbug: Microsoft.AspNetCore.Routing.EndpointRoutingMiddleware[1]
      Request matched endpoint 'HTTP: GET /'
trce: Microsoft.AspNetCore.Routing.EndpointRoutingMiddleware[8]
      The endpoint does not specify the IRequestSizeLimitMetadata.
dbug: BlackBytesBox.Routed.RequestFilters.Middleware.RemoteIPFilteringMiddleware[0]
      Allowed: RemoteIpAddress '::1' - continuing.
dbug: BlackBytesBox.Routed.RequestFilters.Middleware.CIDRFilteringMiddleware[0]
      Bypassing CIDR filtering for localhost.
dbug: BlackBytesBox.Routed.RequestFilters.Middleware.SegmentFilteringMiddleware[0]
      Whitelisted continue: URL segments 'https://localhost:5426/' matched whitelisted pattern *.
dbug: BlackBytesBox.Routed.RequestFilters.Middleware.FailurePointsFilteringMiddleware[0]
      Allowed: IP '::1' with 0 failures - continuing.
info: Microsoft.AspNetCore.Routing.EndpointMiddleware[0]
      Executing endpoint 'HTTP: GET /'
info: Microsoft.AspNetCore.Routing.EndpointMiddleware[1]
      Executed endpoint 'HTTP: GET /'
dbug: Microsoft.AspNetCore.Server.Kestrel.Connections[9]
      Connection id "0HNDH0FMSFPOQ" completed keep alive response.
info: Microsoft.AspNetCore.Hosting.Diagnostics[2]
      Request finished HTTP/1.1 GET https://localhost:5426/ - 200 - - 0.3940ms
info: Microsoft.AspNetCore.Hosting.Diagnostics[1]
      Request starting HTTP/1.1 GET https://localhost:5426/ - - -
trce: Microsoft.AspNetCore.HostFiltering.HostFilteringMiddleware[2]
      All hosts are allowed.
dbug: Microsoft.AspNetCore.Routing.Matching.DfaMatcher[1001]
      1 candidate(s) found for the request path '/'
dbug: Microsoft.AspNetCore.Routing.EndpointRoutingMiddleware[1]
      Request matched endpoint 'HTTP: GET /'
trce: Microsoft.AspNetCore.Routing.EndpointRoutingMiddleware[8]
      The endpoint does not specify the IRequestSizeLimitMetadata.
dbug: BlackBytesBox.Routed.RequestFilters.Middleware.RemoteIPFilteringMiddleware[0]
      Allowed: RemoteIpAddress '::1' - continuing.
dbug: BlackBytesBox.Routed.RequestFilters.Middleware.CIDRFilteringMiddleware[0]
      Bypassing CIDR filtering for localhost.
dbug: BlackBytesBox.Routed.RequestFilters.Middleware.SegmentFilteringMiddleware[0]
      Whitelisted continue: URL segments 'https://localhost:5426/' matched whitelisted pattern *.
dbug: BlackBytesBox.Routed.RequestFilters.Middleware.FailurePointsFilteringMiddleware[0]
      Allowed: IP '::1' with 0 failures - continuing.
info: Microsoft.AspNetCore.Routing.EndpointMiddleware[0]
      Executing endpoint 'HTTP: GET /'
info: Microsoft.AspNetCore.Routing.EndpointMiddleware[1]
      Executed endpoint 'HTTP: GET /'
dbug: Microsoft.AspNetCore.Server.Kestrel.Connections[9]
      Connection id "0HNDH0FMSFPOQ" completed keep alive response.
info: Microsoft.AspNetCore.Hosting.Diagnostics[2]
      Request finished HTTP/1.1 GET https://localhost:5426/ - 200 - - 0.4125ms
dbug: Microsoft.AspNetCore.Server.Kestrel.Transport.Sockets[6]
      Connection id "0HNDH0FMSFPOQ" received FIN.
dbug: Microsoft.AspNetCore.Server.Kestrel.Transport.Sockets[7]
      Connection id "0HNDH0FMSFPOQ" sending FIN because: "The Socket transport's send loop completed gracefully."
dbug: Microsoft.AspNetCore.Server.Kestrel.Connections[10]
      Connection id "0HNDH0FMSFPOQ" disconnecting.
dbug: Microsoft.AspNetCore.Server.Kestrel.Connections[2]
      Connection id "0HNDH0FMSFPOQ" stopped.
dbug: Microsoft.Extensions.Hosting.Internal.Host[3]
      Hosting stopping
info: BlackBytesBox.Routed.RequestFilters.Services.MiddlewareFailurePointService[0]
      Dumped failure point data to JSON file at /home/runner/work/BlackBytesBox.Routed.RequestFilters/BlackBytesBox.Routed.RequestFilters/source/BlackBytesBox.Routed.RequestFilters/BlackBytesBox.Routed.RequestFilters.Tests/bin/Release/net9.0/FailurePointsFilteringMiddleware.json
info: BlackBytesBox.Routed.RequestFilters.Middleware.FailurePointsFilteringMiddleware[0]
      Successfully dumped all data during application shutdown.
info: Microsoft.Hosting.Lifetime[0]
      Application is shutting down...
dbug: Microsoft.Extensions.Hosting.Internal.Host[4]
      Hosting stopped</StdOut>
      </Output>
    </UnitTestResult>
    <UnitTestResult executionId="4c49c9be-829d-40b3-9c2d-2f48da951423" testId="d2c42fa7-f2dc-ae5f-b261-27521ecdf3d0" testName="IsRegExMatchIntegrationArray (&quot;&quot;,[null,&quot;&quot;,&quot;*&quot;,&quot;test&quot;],True)" computerName="pkrvmxyh4eaekms" duration="00:00:00.0000396" startTime="2025-06-21T20:41:05.1195990+00:00" endTime="2025-06-21T20:41:05.1198307+00:00" testType="13cdc9d9-ddb5-4fa4-a97d-d965ccfc6d4b" outcome="Passed" testListId="8c84fa94-04c1-424b-9868-57a2d4851a1d" relativeResultsDirectory="4c49c9be-829d-40b3-9c2d-2f48da951423" />
    <UnitTestResult executionId="2c449920-7700-4bb5-8811-526986e8e146" testId="d4acf9d4-6034-e355-5f26-7bf6f871a988" testName="IsRegExMatchIntegration (&quot;dynx&quot;,&quot;*dyn*&quot;,True)" computerName="pkrvmxyh4eaekms" duration="00:00:00.0000208" startTime="2025-06-21T20:41:05.1132371+00:00" endTime="2025-06-21T20:41:05.1133854+00:00" testType="13cdc9d9-ddb5-4fa4-a97d-d965ccfc6d4b" outcome="Passed" testListId="8c84fa94-04c1-424b-9868-57a2d4851a1d" relativeResultsDirectory="2c449920-7700-4bb5-8811-526986e8e146" />
    <UnitTestResult executionId="515596a1-a7e4-4d24-a3a7-b47cdb14d160" testId="efa609d9-2713-7b15-e1c9-c215aa9fed49" testName="TestMyMiddlewareIntegration (100)" computerName="pkrvmxyh4eaekms" duration="00:00:06.3489173" startTime="2025-06-21T20:40:58.5051803+00:00" endTime="2025-06-21T20:41:05.0994077+00:00" testType="13cdc9d9-ddb5-4fa4-a97d-d965ccfc6d4b" outcome="Passed" testListId="8c84fa94-04c1-424b-9868-57a2d4851a1d" relativeResultsDirectory="515596a1-a7e4-4d24-a3a7-b47cdb14d160">
      <Output>
        <StdOut>dbug: Microsoft.Extensions.Hosting.Internal.Host[1]
      Hosting starting
dbug: Microsoft.AspNetCore.HostFiltering.HostFilteringMiddleware[7]
      Middleware configuration started with options: {AllowedHosts = *, AllowEmptyHosts = True, IncludeFailureMessage = True}
dbug: Microsoft.AspNetCore.HostFiltering.HostFilteringMiddleware[0]
      Wildcard detected, all requests with hosts will be allowed.
warn: Microsoft.AspNetCore.Server.Kestrel.Core.KestrelServer[8]
      The ASP.NET Core developer certificate is not trusted. For information about trusting the ASP.NET Core developer certificate, see https://aka.ms/aspnet/https-trust-dev-cert
info: Microsoft.Hosting.Lifetime[14]
      Now listening on: https://localhost:5425
dbug: Microsoft.AspNetCore.Hosting.Diagnostics[13]
      Loaded hosting startup assembly testhost
info: BlackBytesBox.Routed.RequestFilters.Services.MiddlewareFailurePointService[0]
      No persisted data file found at /home/runner/work/BlackBytesBox.Routed.RequestFilters/BlackBytesBox.Routed.RequestFilters/source/BlackBytesBox.Routed.RequestFilters/BlackBytesBox.Routed.RequestFilters.Tests/bin/Release/net9.0/FailurePointsFilteringMiddleware.json.
info: BlackBytesBox.Routed.RequestFilters.Middleware.FailurePointsFilteringMiddleware[0]
      Successfully loaded persisted data during application startup.
info: Microsoft.Hosting.Lifetime[0]
      Application started. Press Ctrl+C to shut down.
info: Microsoft.Hosting.Lifetime[0]
      Hosting environment: Production
info: Microsoft.Hosting.Lifetime[0]
      Content root path: /home/runner/work/BlackBytesBox.Routed.RequestFilters/BlackBytesBox.Routed.RequestFilters/source/BlackBytesBox.Routed.RequestFilters/BlackBytesBox.Routed.RequestFilters.Tests/bin/Release/net9.0
dbug: Microsoft.Extensions.Hosting.Internal.Host[2]
      Hosting started
dbug: Microsoft.AspNetCore.Server.Kestrel.Connections[39]
      Connection id "0HNDH0FMSFPOP" accepted.
dbug: Microsoft.AspNetCore.Server.Kestrel.Connections[1]
      Connection id "0HNDH0FMSFPOP" started.
dbug: Microsoft.AspNetCore.Server.Kestrel.Https.Internal.HttpsConnectionMiddleware[3]
      Connection 0HNDH0FMSFPOP established using the following protocol: Tls13
info: Microsoft.AspNetCore.Hosting.Diagnostics[1]
      Request starting HTTP/1.1 GET https://localhost:5425/ - - -
trce: Microsoft.AspNetCore.HostFiltering.HostFilteringMiddleware[2]
      All hosts are allowed.
dbug: Microsoft.AspNetCore.Routing.Matching.DfaMatcher[1001]
      1 candidate(s) found for the request path '/'
dbug: Microsoft.AspNetCore.Routing.EndpointRoutingMiddleware[1]
      Request matched endpoint 'HTTP: GET /'
trce: Microsoft.AspNetCore.Routing.EndpointRoutingMiddleware[8]
      The endpoint does not specify the IRequestSizeLimitMetadata.
dbug: BlackBytesBox.Routed.RequestFilters.Middleware.RemoteIPFilteringMiddleware[0]
      Allowed: RemoteIpAddress '::1' - continuing.
dbug: BlackBytesBox.Routed.RequestFilters.Middleware.HttpProtocolFilteringMiddleware[0]
      Allowed: protocol 'HTTP/1.1' - continuing.
dbug: BlackBytesBox.Routed.RequestFilters.Middleware.HostNameFilteringMiddleware[0]
      Whitelisted continue: host 'localhost' matched whitelisted pattern localhost.
dbug: BlackBytesBox.Routed.RequestFilters.Middleware.UserAgentFilteringMiddleware[0]
      Allowed: User-Agent 'Mozilla/5.0 (Windows NT 10.0; Win64; x64) AppleWebKit/537.36 (KHTML, like Gecko) Chrome/90.0.4430.93 Safari/537.36' - continuing.
dbug: BlackBytesBox.Routed.RequestFilters.Middleware.RequestUrlFilteringMiddleware[0]
      Allowed: requestUrl '/' - continuing.
dbug: BlackBytesBox.Routed.RequestFilters.Middleware.DnsHostNameFilteringMiddleware[0]
      Resolved DNS host: localhost.
dbug: BlackBytesBox.Routed.RequestFilters.Middleware.DnsHostNameFilteringMiddleware[0]
      Allowed: DNS host 'localhost.' - continuing.
dbug: BlackBytesBox.Routed.RequestFilters.Middleware.HeaderPresentsFilteringMiddleware[0]
      Allowed: Headers 4 match  e.g. 'Host' - continuing.
dbug: BlackBytesBox.Routed.RequestFilters.Middleware.AcceptLanguageFilteringMiddleware[0]
      Allowed: Accept-Language 'de-DE' - continuing.
dbug: BlackBytesBox.Routed.RequestFilters.Middleware.SegmentFilteringMiddleware[0]
      Whitelisted continue: URL segments 'https://localhost:5425/' matched whitelisted pattern *.
dbug: BlackBytesBox.Routed.RequestFilters.Middleware.PathDeepFilteringMiddleware[0]
      Allowed: depth 0 on / - continuing.
dbug: BlackBytesBox.Routed.RequestFilters.Middleware.HeaderValuesRequiredFilteringMiddleware[0]
      Processed header 'User-Agent' with value 'Mozilla/5.0 (Windows NT 10.0; Win64; x64) AppleWebKit/537.36 (KHTML, like Gecko) Chrome/90.0.4430.93 Safari/537.36'.
dbug: BlackBytesBox.Routed.RequestFilters.Middleware.HeaderValuesRequiredFilteringMiddleware[0]
      Allowed: All required headers validated successfully. - continuing.
dbug: BlackBytesBox.Routed.RequestFilters.Middleware.FailurePointsFilteringMiddleware[0]
      Allowed: IP '::1' with 0 failures - continuing.
info: Microsoft.AspNetCore.Routing.EndpointMiddleware[0]
      Executing endpoint 'HTTP: GET /'
info: Microsoft.AspNetCore.Routing.EndpointMiddleware[1]
      Executed endpoint 'HTTP: GET /'
dbug: Microsoft.AspNetCore.Server.Kestrel.Connections[9]
      Connection id "0HNDH0FMSFPOP" completed keep alive response.
info: Microsoft.AspNetCore.Hosting.Diagnostics[2]
      Request finished HTTP/1.1 GET https://localhost:5425/ - 200 - - 116.7028ms
info: Microsoft.AspNetCore.Hosting.Diagnostics[1]
      Request starting HTTP/1.1 GET https://localhost:5425/ - - -
trce: Microsoft.AspNetCore.HostFiltering.HostFilteringMiddleware[2]
      All hosts are allowed.
dbug: Microsoft.AspNetCore.Routing.Matching.DfaMatcher[1001]
      1 candidate(s) found for the request path '/'
dbug: Microsoft.AspNetCore.Routing.EndpointRoutingMiddleware[1]
      Request matched endpoint 'HTTP: GET /'
trce: Microsoft.AspNetCore.Routing.EndpointRoutingMiddleware[8]
      The endpoint does not specify the IRequestSizeLimitMetadata.
dbug: BlackBytesBox.Routed.RequestFilters.Middleware.RemoteIPFilteringMiddleware[0]
      Allowed: RemoteIpAddress '::1' - continuing.
dbug: BlackBytesBox.Routed.RequestFilters.Middleware.HttpProtocolFilteringMiddleware[0]
      Allowed: protocol 'HTTP/1.1' - continuing.
dbug: BlackBytesBox.Routed.RequestFilters.Middleware.HostNameFilteringMiddleware[0]
      Whitelisted continue: host 'localhost' matched whitelisted pattern localhost.
dbug: BlackBytesBox.Routed.RequestFilters.Middleware.UserAgentFilteringMiddleware[0]
      Allowed: User-Agent 'Mozilla/5.0 (Windows NT 10.0; Win64; x64) AppleWebKit/537.36 (KHTML, like Gecko) Chrome/90.0.4430.93 Safari/537.36' - continuing.
dbug: BlackBytesBox.Routed.RequestFilters.Middleware.RequestUrlFilteringMiddleware[0]
      Allowed: requestUrl '/' - continuing.
dbug: BlackBytesBox.Routed.RequestFilters.Middleware.DnsHostNameFilteringMiddleware[0]
      Resolved DNS host: localhost.
dbug: BlackBytesBox.Routed.RequestFilters.Middleware.DnsHostNameFilteringMiddleware[0]
      Allowed: DNS host 'localhost.' - continuing.
dbug: BlackBytesBox.Routed.RequestFilters.Middleware.HeaderPresentsFilteringMiddleware[0]
      Allowed: Headers 4 match  e.g. 'Host' - continuing.
dbug: BlackBytesBox.Routed.RequestFilters.Middleware.AcceptLanguageFilteringMiddleware[0]
      Allowed: Accept-Language 'de-DE' - continuing.
dbug: BlackBytesBox.Routed.RequestFilters.Middleware.SegmentFilteringMiddleware[0]
      Whitelisted continue: URL segments 'https://localhost:5425/' matched whitelisted pattern *.
dbug: BlackBytesBox.Routed.RequestFilters.Middleware.PathDeepFilteringMiddleware[0]
      Allowed: depth 0 on / - continuing.
dbug: BlackBytesBox.Routed.RequestFilters.Middleware.HeaderValuesRequiredFilteringMiddleware[0]
      Processed header 'User-Agent' with value 'Mozilla/5.0 (Windows NT 10.0; Win64; x64) AppleWebKit/537.36 (KHTML, like Gecko) Chrome/90.0.4430.93 Safari/537.36'.
dbug: BlackBytesBox.Routed.RequestFilters.Middleware.HeaderValuesRequiredFilteringMiddleware[0]
      Allowed: All required headers validated successfully. - continuing.
dbug: BlackBytesBox.Routed.RequestFilters.Middleware.FailurePointsFilteringMiddleware[0]
      Allowed: IP '::1' with 0 failures - continuing.
info: Microsoft.AspNetCore.Routing.EndpointMiddleware[0]
      Executing endpoint 'HTTP: GET /'
info: Microsoft.AspNetCore.Routing.EndpointMiddleware[1]
      Executed endpoint 'HTTP: GET /'
dbug: Microsoft.AspNetCore.Server.Kestrel.Connections[9]
      Connection id "0HNDH0FMSFPOP" completed keep alive response.
info: Microsoft.AspNetCore.Hosting.Diagnostics[2]
      Request finished HTTP/1.1 GET https://localhost:5425/ - 200 - - 20.2088ms
info: Microsoft.AspNetCore.Hosting.Diagnostics[1]
      Request starting HTTP/1.1 GET https://localhost:5425/ - - -
trce: Microsoft.AspNetCore.HostFiltering.HostFilteringMiddleware[2]
      All hosts are allowed.
dbug: Microsoft.AspNetCore.Routing.Matching.DfaMatcher[1001]
      1 candidate(s) found for the request path '/'
dbug: Microsoft.AspNetCore.Routing.EndpointRoutingMiddleware[1]
      Request matched endpoint 'HTTP: GET /'
trce: Microsoft.AspNetCore.Routing.EndpointRoutingMiddleware[8]
      The endpoint does not specify the IRequestSizeLimitMetadata.
dbug: BlackBytesBox.Routed.RequestFilters.Middleware.RemoteIPFilteringMiddleware[0]
      Allowed: RemoteIpAddress '::1' - continuing.
dbug: BlackBytesBox.Routed.RequestFilters.Middleware.HttpProtocolFilteringMiddleware[0]
      Allowed: protocol 'HTTP/1.1' - continuing.
dbug: BlackBytesBox.Routed.RequestFilters.Middleware.HostNameFilteringMiddleware[0]
      Whitelisted continue: host 'localhost' matched whitelisted pattern localhost.
dbug: BlackBytesBox.Routed.RequestFilters.Middleware.UserAgentFilteringMiddleware[0]
      Allowed: User-Agent 'Mozilla/5.0 (Windows NT 10.0; Win64; x64) AppleWebKit/537.36 (KHTML, like Gecko) Chrome/90.0.4430.93 Safari/537.36' - continuing.
dbug: BlackBytesBox.Routed.RequestFilters.Middleware.RequestUrlFilteringMiddleware[0]
      Allowed: requestUrl '/' - continuing.
dbug: BlackBytesBox.Routed.RequestFilters.Middleware.DnsHostNameFilteringMiddleware[0]
      Resolved DNS host: localhost.
dbug: BlackBytesBox.Routed.RequestFilters.Middleware.DnsHostNameFilteringMiddleware[0]
      Allowed: DNS host 'localhost.' - continuing.
dbug: BlackBytesBox.Routed.RequestFilters.Middleware.HeaderPresentsFilteringMiddleware[0]
      Allowed: Headers 4 match  e.g. 'Host' - continuing.
dbug: BlackBytesBox.Routed.RequestFilters.Middleware.AcceptLanguageFilteringMiddleware[0]
      Allowed: Accept-Language 'de-DE' - continuing.
dbug: BlackBytesBox.Routed.RequestFilters.Middleware.SegmentFilteringMiddleware[0]
      Whitelisted continue: URL segments 'https://localhost:5425/' matched whitelisted pattern *.
dbug: BlackBytesBox.Routed.RequestFilters.Middleware.PathDeepFilteringMiddleware[0]
      Allowed: depth 0 on / - continuing.
dbug: BlackBytesBox.Routed.RequestFilters.Middleware.HeaderValuesRequiredFilteringMiddleware[0]
      Processed header 'User-Agent' with value 'Mozilla/5.0 (Windows NT 10.0; Win64; x64) AppleWebKit/537.36 (KHTML, like Gecko) Chrome/90.0.4430.93 Safari/537.36'.
dbug: BlackBytesBox.Routed.RequestFilters.Middleware.HeaderValuesRequiredFilteringMiddleware[0]
      Allowed: All required headers validated successfully. - continuing.
dbug: BlackBytesBox.Routed.RequestFilters.Middleware.FailurePointsFilteringMiddleware[0]
      Allowed: IP '::1' with 0 failures - continuing.
info: Microsoft.AspNetCore.Routing.EndpointMiddleware[0]
      Executing endpoint 'HTTP: GET /'
info: Microsoft.AspNetCore.Routing.EndpointMiddleware[1]
      Executed endpoint 'HTTP: GET /'
dbug: Microsoft.AspNetCore.Server.Kestrel.Connections[9]
      Connection id "0HNDH0FMSFPOP" completed keep alive response.
info: Microsoft.AspNetCore.Hosting.Diagnostics[2]
      Request finished HTTP/1.1 GET https://localhost:5425/ - 200 - - 28.2097ms</StdOut>
      </Output>
    </UnitTestResult>
  </Results>
  <TestDefinitions>
    <UnitTest name="IsRegExMatchIntegration (&quot;bar&quot;,&quot;b?r&quot;,True)" storage="/home/runner/work/blackbytesbox.routed.requestfilters/blackbytesbox.routed.requestfilters/source/blackbytesbox.routed.requestfilters/blackbytesbox.routed.requestfilters.tests/bin/release/net9.0/blackbytesbox.routed.requestfilters.tests.dll" id="8332f7eb-6df6-17fa-7e37-7e0b63579e68">
      <Execution id="bc0f74fb-bd17-4e3e-82a0-b8399f66db34" />
      <TestMethod codeBase="/home/runner/work/BlackBytesBox.Routed.RequestFilters/BlackBytesBox.Routed.RequestFilters/source/BlackBytesBox.Routed.RequestFilters/BlackBytesBox.Routed.RequestFilters.Tests/bin/Release/net9.0/BlackBytesBox.Routed.RequestFilters.Tests.dll" adapterTypeName="executor://mstestadapter/v2" className="BlackBytesBox.Routed.RequestFilters.Tests.RegExTests" name="IsRegExMatchIntegration" />
    </UnitTest>
    <UnitTest name="IsRegExMatchIntegrationArray (&quot;foo&quot;,null,False)" storage="/home/runner/work/blackbytesbox.routed.requestfilters/blackbytesbox.routed.requestfilters/source/blackbytesbox.routed.requestfilters/blackbytesbox.routed.requestfilters.tests/bin/release/net9.0/blackbytesbox.routed.requestfilters.tests.dll" id="0120bcc0-0f50-9225-3552-7c8effeebf0b">
      <Execution id="5fcd8c5f-b7ab-40a0-b245-4446eb45edcf" />
      <TestMethod codeBase="/home/runner/work/BlackBytesBox.Routed.RequestFilters/BlackBytesBox.Routed.RequestFilters/source/BlackBytesBox.Routed.RequestFilters/BlackBytesBox.Routed.RequestFilters.Tests/bin/Release/net9.0/BlackBytesBox.Routed.RequestFilters.Tests.dll" adapterTypeName="executor://mstestadapter/v2" className="BlackBytesBox.Routed.RequestFilters.Tests.RegExTests" name="IsRegExMatchIntegrationArray" />
    </UnitTest>
    <UnitTest name="IsRegExMatchIntegration (&quot;dynx&quot;,&quot;*dyn*&quot;,True)" storage="/home/runner/work/blackbytesbox.routed.requestfilters/blackbytesbox.routed.requestfilters/source/blackbytesbox.routed.requestfilters/blackbytesbox.routed.requestfilters.tests/bin/release/net9.0/blackbytesbox.routed.requestfilters.tests.dll" id="d4acf9d4-6034-e355-5f26-7bf6f871a988">
      <Execution id="2c449920-7700-4bb5-8811-526986e8e146" />
      <TestMethod codeBase="/home/runner/work/BlackBytesBox.Routed.RequestFilters/BlackBytesBox.Routed.RequestFilters/source/BlackBytesBox.Routed.RequestFilters/BlackBytesBox.Routed.RequestFilters.Tests/bin/Release/net9.0/BlackBytesBox.Routed.RequestFilters.Tests.dll" adapterTypeName="executor://mstestadapter/v2" className="BlackBytesBox.Routed.RequestFilters.Tests.RegExTests" name="IsRegExMatchIntegration" />
    </UnitTest>
    <UnitTest name="IsRegExMatchIntegration (&quot;ydyn&quot;,&quot;*dyn*&quot;,True)" storage="/home/runner/work/blackbytesbox.routed.requestfilters/blackbytesbox.routed.requestfilters/source/blackbytesbox.routed.requestfilters/blackbytesbox.routed.requestfilters.tests/bin/release/net9.0/blackbytesbox.routed.requestfilters.tests.dll" id="b292e116-23cd-95df-84c9-ccd9206c29c3">
      <Execution id="64e0b3ac-f625-42d8-90e4-fe94187bee39" />
      <TestMethod codeBase="/home/runner/work/BlackBytesBox.Routed.RequestFilters/BlackBytesBox.Routed.RequestFilters/source/BlackBytesBox.Routed.RequestFilters/BlackBytesBox.Routed.RequestFilters.Tests/bin/Release/net9.0/BlackBytesBox.Routed.RequestFilters.Tests.dll" adapterTypeName="executor://mstestadapter/v2" className="BlackBytesBox.Routed.RequestFilters.Tests.RegExTests" name="IsRegExMatchIntegration" />
    </UnitTest>
    <UnitTest name="IsRegExMatchIntegration (null,&quot;*&quot;,False)" storage="/home/runner/work/blackbytesbox.routed.requestfilters/blackbytesbox.routed.requestfilters/source/blackbytesbox.routed.requestfilters/blackbytesbox.routed.requestfilters.tests/bin/release/net9.0/blackbytesbox.routed.requestfilters.tests.dll" id="e69d8f5b-d313-f04f-5932-a62b3c1372d8">
      <Execution id="b72879a4-904d-4621-80e4-6c9c4f8735db" />
      <TestMethod codeBase="/home/runner/work/BlackBytesBox.Routed.RequestFilters/BlackBytesBox.Routed.RequestFilters/source/BlackBytesBox.Routed.RequestFilters/BlackBytesBox.Routed.RequestFilters.Tests/bin/Release/net9.0/BlackBytesBox.Routed.RequestFilters.Tests.dll" adapterTypeName="executor://mstestadapter/v2" className="BlackBytesBox.Routed.RequestFilters.Tests.RegExTests" name="IsRegExMatchIntegration" />
    </UnitTest>
    <UnitTest name="IsRegExMatchIntegrationArray (&quot;&quot;,[null,&quot;&quot;,&quot;*&quot;,&quot;test&quot;],True)" storage="/home/runner/work/blackbytesbox.routed.requestfilters/blackbytesbox.routed.requestfilters/source/blackbytesbox.routed.requestfilters/blackbytesbox.routed.requestfilters.tests/bin/release/net9.0/blackbytesbox.routed.requestfilters.tests.dll" id="d2c42fa7-f2dc-ae5f-b261-27521ecdf3d0">
      <Execution id="4c49c9be-829d-40b3-9c2d-2f48da951423" />
      <TestMethod codeBase="/home/runner/work/BlackBytesBox.Routed.RequestFilters/BlackBytesBox.Routed.RequestFilters/source/BlackBytesBox.Routed.RequestFilters/BlackBytesBox.Routed.RequestFilters.Tests/bin/Release/net9.0/BlackBytesBox.Routed.RequestFilters.Tests.dll" adapterTypeName="executor://mstestadapter/v2" className="BlackBytesBox.Routed.RequestFilters.Tests.RegExTests" name="IsRegExMatchIntegrationArray" />
    </UnitTest>
    <UnitTest name="IsRegExMatchIntegration (null,null,True)" storage="/home/runner/work/blackbytesbox.routed.requestfilters/blackbytesbox.routed.requestfilters/source/blackbytesbox.routed.requestfilters/blackbytesbox.routed.requestfilters.tests/bin/release/net9.0/blackbytesbox.routed.requestfilters.tests.dll" id="30788f73-9233-6c0e-20b9-e5e7738ce25a">
      <Execution id="43b889a1-9375-4467-882f-9dd678bb1b80" />
      <TestMethod codeBase="/home/runner/work/BlackBytesBox.Routed.RequestFilters/BlackBytesBox.Routed.RequestFilters/source/BlackBytesBox.Routed.RequestFilters/BlackBytesBox.Routed.RequestFilters.Tests/bin/Release/net9.0/BlackBytesBox.Routed.RequestFilters.Tests.dll" adapterTypeName="executor://mstestadapter/v2" className="BlackBytesBox.Routed.RequestFilters.Tests.RegExTests" name="IsRegExMatchIntegration" />
    </UnitTest>
    <UnitTest name="IsRegExMatchIntegrationArray (&quot;foo&quot;,[],False)" storage="/home/runner/work/blackbytesbox.routed.requestfilters/blackbytesbox.routed.requestfilters/source/blackbytesbox.routed.requestfilters/blackbytesbox.routed.requestfilters.tests/bin/release/net9.0/blackbytesbox.routed.requestfilters.tests.dll" id="759c33a5-db99-6a11-9dab-1d09f154d970">
      <Execution id="a35023f6-4adc-45d2-8b5e-747238c8baf6" />
      <TestMethod codeBase="/home/runner/work/BlackBytesBox.Routed.RequestFilters/BlackBytesBox.Routed.RequestFilters/source/BlackBytesBox.Routed.RequestFilters/BlackBytesBox.Routed.RequestFilters.Tests/bin/Release/net9.0/BlackBytesBox.Routed.RequestFilters.Tests.dll" adapterTypeName="executor://mstestadapter/v2" className="BlackBytesBox.Routed.RequestFilters.Tests.RegExTests" name="IsRegExMatchIntegrationArray" />
    </UnitTest>
    <UnitTest name="IsRegExMatchIntegrationArray (null,[null,&quot;&quot;,&quot;*&quot;,&quot;test&quot;],True)" storage="/home/runner/work/blackbytesbox.routed.requestfilters/blackbytesbox.routed.requestfilters/source/blackbytesbox.routed.requestfilters/blackbytesbox.routed.requestfilters.tests/bin/release/net9.0/blackbytesbox.routed.requestfilters.tests.dll" id="f59ea59b-b653-47f6-0ef9-de66dfc6c68e">
      <Execution id="1a02b05f-bdc6-431b-8f09-c2c3fab77d96" />
      <TestMethod codeBase="/home/runner/work/BlackBytesBox.Routed.RequestFilters/BlackBytesBox.Routed.RequestFilters/source/BlackBytesBox.Routed.RequestFilters/BlackBytesBox.Routed.RequestFilters.Tests/bin/Release/net9.0/BlackBytesBox.Routed.RequestFilters.Tests.dll" adapterTypeName="executor://mstestadapter/v2" className="BlackBytesBox.Routed.RequestFilters.Tests.RegExTests" name="IsRegExMatchIntegrationArray" />
    </UnitTest>
    <UnitTest name="TestMyMiddlewareIntegration (100)" storage="/home/runner/work/blackbytesbox.routed.requestfilters/blackbytesbox.routed.requestfilters/source/blackbytesbox.routed.requestfilters/blackbytesbox.routed.requestfilters.tests/bin/release/net9.0/blackbytesbox.routed.requestfilters.tests.dll" id="df895dc0-2ccb-846a-e0ae-c35dd3884995">
      <Execution id="e3c24a2c-9eee-4f01-8cac-8707a9dd816f" />
      <TestMethod codeBase="/home/runner/work/BlackBytesBox.Routed.RequestFilters/BlackBytesBox.Routed.RequestFilters/source/BlackBytesBox.Routed.RequestFilters/BlackBytesBox.Routed.RequestFilters.Tests/bin/Release/net9.0/BlackBytesBox.Routed.RequestFilters.Tests.dll" adapterTypeName="executor://mstestadapter/v2" className="BlackBytesBox.Routed.RequestFilters.Tests.SegmentFilteringMiddlewareIntegrationTests" name="TestMyMiddlewareIntegration" />
    </UnitTest>
    <UnitTest name="TestMyMiddlewareIntegration (100)" storage="/home/runner/work/blackbytesbox.routed.requestfilters/blackbytesbox.routed.requestfilters/source/blackbytesbox.routed.requestfilters/blackbytesbox.routed.requestfilters.tests/bin/release/net9.0/blackbytesbox.routed.requestfilters.tests.dll" id="efa609d9-2713-7b15-e1c9-c215aa9fed49">
      <Execution id="515596a1-a7e4-4d24-a3a7-b47cdb14d160" />
      <TestMethod codeBase="/home/runner/work/BlackBytesBox.Routed.RequestFilters/BlackBytesBox.Routed.RequestFilters/source/BlackBytesBox.Routed.RequestFilters/BlackBytesBox.Routed.RequestFilters.Tests/bin/Release/net9.0/BlackBytesBox.Routed.RequestFilters.Tests.dll" adapterTypeName="executor://mstestadapter/v2" className="BlackBytesBox.Routed.RequestFilters.Tests.MyMiddlewareIntegrationTests" name="TestMyMiddlewareIntegration" />
    </UnitTest>
    <UnitTest name="IsRegExMatchIntegration (&quot;https:///&quot;)" storage="/home/runner/work/blackbytesbox.routed.requestfilters/blackbytesbox.routed.requestfilters/source/blackbytesbox.routed.requestfilters/blackbytesbox.routed.requestfilters.tests/bin/release/net9.0/blackbytesbox.routed.requestfilters.tests.dll" id="f817e4b5-d075-ea42-49a1-c565a73bb2f9">
      <Execution id="0118a715-dbc3-44e9-b082-e720fc4c3308" />
      <TestMethod codeBase="/home/runner/work/BlackBytesBox.Routed.RequestFilters/BlackBytesBox.Routed.RequestFilters/source/BlackBytesBox.Routed.RequestFilters/BlackBytesBox.Routed.RequestFilters.Tests/bin/Release/net9.0/BlackBytesBox.Routed.RequestFilters.Tests.dll" adapterTypeName="executor://mstestadapter/v2" className="BlackBytesBox.Routed.RequestFilters.Tests.ContextTests" name="IsRegExMatchIntegration" />
    </UnitTest>
    <UnitTest name="IsRegExMatchIntegration (&quot;foo&quot;,null,False)" storage="/home/runner/work/blackbytesbox.routed.requestfilters/blackbytesbox.routed.requestfilters/source/blackbytesbox.routed.requestfilters/blackbytesbox.routed.requestfilters.tests/bin/release/net9.0/blackbytesbox.routed.requestfilters.tests.dll" id="c4369302-c56f-44fb-3f23-b1c04be4c3a7">
      <Execution id="42a8a111-b1f5-42f4-a993-fcb552e0f645" />
      <TestMethod codeBase="/home/runner/work/BlackBytesBox.Routed.RequestFilters/BlackBytesBox.Routed.RequestFilters/source/BlackBytesBox.Routed.RequestFilters/BlackBytesBox.Routed.RequestFilters.Tests/bin/Release/net9.0/BlackBytesBox.Routed.RequestFilters.Tests.dll" adapterTypeName="executor://mstestadapter/v2" className="BlackBytesBox.Routed.RequestFilters.Tests.RegExTests" name="IsRegExMatchIntegration" />
    </UnitTest>
    <UnitTest name="IsRegExMatchIntegration (&quot;foo&quot;,&quot;*&quot;,True)" storage="/home/runner/work/blackbytesbox.routed.requestfilters/blackbytesbox.routed.requestfilters/source/blackbytesbox.routed.requestfilters/blackbytesbox.routed.requestfilters.tests/bin/release/net9.0/blackbytesbox.routed.requestfilters.tests.dll" id="d7957730-df21-c691-a538-93b2799dc829">
      <Execution id="59073322-037b-4744-b743-ebd3001a45a6" />
      <TestMethod codeBase="/home/runner/work/BlackBytesBox.Routed.RequestFilters/BlackBytesBox.Routed.RequestFilters/source/BlackBytesBox.Routed.RequestFilters/BlackBytesBox.Routed.RequestFilters.Tests/bin/Release/net9.0/BlackBytesBox.Routed.RequestFilters.Tests.dll" adapterTypeName="executor://mstestadapter/v2" className="BlackBytesBox.Routed.RequestFilters.Tests.RegExTests" name="IsRegExMatchIntegration" />
    </UnitTest>
    <UnitTest name="IsRegExMatchIntegrationArray (&quot;foo&quot;,[&quot;*f*&quot;,&quot;*o&quot;,&quot;o&quot;],True)" storage="/home/runner/work/blackbytesbox.routed.requestfilters/blackbytesbox.routed.requestfilters/source/blackbytesbox.routed.requestfilters/blackbytesbox.routed.requestfilters.tests/bin/release/net9.0/blackbytesbox.routed.requestfilters.tests.dll" id="eb8d22a9-258a-b1b2-581a-c04af435eac0">
      <Execution id="b3744125-e2a1-445b-98c5-37b6a3d2a18d" />
      <TestMethod codeBase="/home/runner/work/BlackBytesBox.Routed.RequestFilters/BlackBytesBox.Routed.RequestFilters/source/BlackBytesBox.Routed.RequestFilters/BlackBytesBox.Routed.RequestFilters.Tests/bin/Release/net9.0/BlackBytesBox.Routed.RequestFilters.Tests.dll" adapterTypeName="executor://mstestadapter/v2" className="BlackBytesBox.Routed.RequestFilters.Tests.RegExTests" name="IsRegExMatchIntegrationArray" />
    </UnitTest>
    <UnitTest name="IsRegExMatchIntegrationArray (&quot;CRITFORGE.COM&quot;,[&quot;critforge.com&quot;],True)" storage="/home/runner/work/blackbytesbox.routed.requestfilters/blackbytesbox.routed.requestfilters/source/blackbytesbox.routed.requestfilters/blackbytesbox.routed.requestfilters.tests/bin/release/net9.0/blackbytesbox.routed.requestfilters.tests.dll" id="89e140d1-765f-6ef4-2832-7f7040788513">
      <Execution id="0c4e0d9f-4a6c-4e7b-b475-894964b7fc3b" />
      <TestMethod codeBase="/home/runner/work/BlackBytesBox.Routed.RequestFilters/BlackBytesBox.Routed.RequestFilters/source/BlackBytesBox.Routed.RequestFilters/BlackBytesBox.Routed.RequestFilters.Tests/bin/Release/net9.0/BlackBytesBox.Routed.RequestFilters.Tests.dll" adapterTypeName="executor://mstestadapter/v2" className="BlackBytesBox.Routed.RequestFilters.Tests.RegExTests" name="IsRegExMatchIntegrationArray" />
    </UnitTest>
  </TestDefinitions>
  <TestEntries>
    <TestEntry testId="30788f73-9233-6c0e-20b9-e5e7738ce25a" executionId="43b889a1-9375-4467-882f-9dd678bb1b80" testListId="8c84fa94-04c1-424b-9868-57a2d4851a1d" />
    <TestEntry testId="0120bcc0-0f50-9225-3552-7c8effeebf0b" executionId="5fcd8c5f-b7ab-40a0-b245-4446eb45edcf" testListId="8c84fa94-04c1-424b-9868-57a2d4851a1d" />
    <TestEntry testId="8332f7eb-6df6-17fa-7e37-7e0b63579e68" executionId="bc0f74fb-bd17-4e3e-82a0-b8399f66db34" testListId="8c84fa94-04c1-424b-9868-57a2d4851a1d" />
    <TestEntry testId="f817e4b5-d075-ea42-49a1-c565a73bb2f9" executionId="0118a715-dbc3-44e9-b082-e720fc4c3308" testListId="8c84fa94-04c1-424b-9868-57a2d4851a1d" />
    <TestEntry testId="f59ea59b-b653-47f6-0ef9-de66dfc6c68e" executionId="b3a44deb-21f2-49db-ad06-cde067041256" testListId="8c84fa94-04c1-424b-9868-57a2d4851a1d" />
    <TestEntry testId="759c33a5-db99-6a11-9dab-1d09f154d970" executionId="30360da7-fa87-47d5-8291-44f4aab65749" testListId="8c84fa94-04c1-424b-9868-57a2d4851a1d" />
    <TestEntry testId="759c33a5-db99-6a11-9dab-1d09f154d970" executionId="a69b2778-a731-421b-afcd-fd0ca1bd5a1a" testListId="8c84fa94-04c1-424b-9868-57a2d4851a1d" />
    <TestEntry testId="759c33a5-db99-6a11-9dab-1d09f154d970" executionId="a35023f6-4adc-45d2-8b5e-747238c8baf6" testListId="8c84fa94-04c1-424b-9868-57a2d4851a1d" />
    <TestEntry testId="f59ea59b-b653-47f6-0ef9-de66dfc6c68e" executionId="1a02b05f-bdc6-431b-8f09-c2c3fab77d96" testListId="8c84fa94-04c1-424b-9868-57a2d4851a1d" />
    <TestEntry testId="e69d8f5b-d313-f04f-5932-a62b3c1372d8" executionId="b72879a4-904d-4621-80e4-6c9c4f8735db" testListId="8c84fa94-04c1-424b-9868-57a2d4851a1d" />
    <TestEntry testId="d7957730-df21-c691-a538-93b2799dc829" executionId="59073322-037b-4744-b743-ebd3001a45a6" testListId="8c84fa94-04c1-424b-9868-57a2d4851a1d" />
    <TestEntry testId="c4369302-c56f-44fb-3f23-b1c04be4c3a7" executionId="42a8a111-b1f5-42f4-a993-fcb552e0f645" testListId="8c84fa94-04c1-424b-9868-57a2d4851a1d" />
    <TestEntry testId="b292e116-23cd-95df-84c9-ccd9206c29c3" executionId="64e0b3ac-f625-42d8-90e4-fe94187bee39" testListId="8c84fa94-04c1-424b-9868-57a2d4851a1d" />
    <TestEntry testId="89e140d1-765f-6ef4-2832-7f7040788513" executionId="0c4e0d9f-4a6c-4e7b-b475-894964b7fc3b" testListId="8c84fa94-04c1-424b-9868-57a2d4851a1d" />
    <TestEntry testId="eb8d22a9-258a-b1b2-581a-c04af435eac0" executionId="b3744125-e2a1-445b-98c5-37b6a3d2a18d" testListId="8c84fa94-04c1-424b-9868-57a2d4851a1d" />
    <TestEntry testId="df895dc0-2ccb-846a-e0ae-c35dd3884995" executionId="e3c24a2c-9eee-4f01-8cac-8707a9dd816f" testListId="8c84fa94-04c1-424b-9868-57a2d4851a1d" />
    <TestEntry testId="d2c42fa7-f2dc-ae5f-b261-27521ecdf3d0" executionId="4c49c9be-829d-40b3-9c2d-2f48da951423" testListId="8c84fa94-04c1-424b-9868-57a2d4851a1d" />
    <TestEntry testId="d4acf9d4-6034-e355-5f26-7bf6f871a988" executionId="2c449920-7700-4bb5-8811-526986e8e146" testListId="8c84fa94-04c1-424b-9868-57a2d4851a1d" />
    <TestEntry testId="efa609d9-2713-7b15-e1c9-c215aa9fed49" executionId="515596a1-a7e4-4d24-a3a7-b47cdb14d160" testListId="8c84fa94-04c1-424b-9868-57a2d4851a1d" />
  </TestEntries>
  <TestLists>
    <TestList name="Results Not in a List" id="8c84fa94-04c1-424b-9868-57a2d4851a1d" />
    <TestList name="All Loaded Results" id="19431567-8539-422a-85d7-44ee4e166bda" />
  </TestLists>
  <ResultSummary outcome="Completed">
    <Counters total="19" executed="19" passed="19" failed="0" error="0" timeout="0" aborted="0" inconclusive="0" passedButRunAborted="0" notRunnable="0" notExecuted="0" disconnected="0" warning="0" completed="0" inProgress="0" pending="0" />
  </ResultSummary>
</TestRun>