<?xml version="1.0" encoding="utf-8"?>
<TestRun id="d5ebd8a6-5058-4060-bf82-cdb77b39de1d" name="@pkrvmxyh4eaekms 2025-06-21 20:04:49" xmlns="http://microsoft.com/schemas/VisualStudio/TeamTest/2010">
  <Times creation="2025-06-21T20:04:49.9540485+00:00" queuing="2025-06-21T20:04:49.9540486+00:00" start="2025-06-21T20:04:48.0158326+00:00" finish="2025-06-21T20:05:03.4958827+00:00" />
  <TestSettings name="default" id="22883435-7534-4f89-8c11-b0a0e1ca5130">
    <Deployment runDeploymentRoot="_pkrvmxyh4eaekms_2025-06-21_20_04_49" />
  </TestSettings>
  <Results>
    <UnitTestResult executionId="aed20dd2-133f-451b-a63b-71f04b50292a" testId="30788f73-9233-6c0e-20b9-e5e7738ce25a" testName="IsRegExMatchIntegration (null,null,True)" computerName="pkrvmxyh4eaekms" duration="00:00:00.0000162" startTime="2025-06-21T20:04:55.2299231+00:00" endTime="2025-06-21T20:04:55.2300997+00:00" testType="13cdc9d9-ddb5-4fa4-a97d-d965ccfc6d4b" outcome="Passed" testListId="8c84fa94-04c1-424b-9868-57a2d4851a1d" relativeResultsDirectory="aed20dd2-133f-451b-a63b-71f04b50292a" />
    <UnitTestResult executionId="adbb592b-881b-47f8-9e9d-2dbb4a9b1ecd" testId="f59ea59b-b653-47f6-0ef9-de66dfc6c68e" testName="IsRegExMatchIntegrationArray (null,[null,&quot;&quot;,&quot;*&quot;,&quot;test&quot;],True)" computerName="pkrvmxyh4eaekms" duration="00:00:00.0000360" startTime="2025-06-21T20:04:55.2362626+00:00" endTime="2025-06-21T20:04:55.2366911+00:00" testType="13cdc9d9-ddb5-4fa4-a97d-d965ccfc6d4b" outcome="Passed" testListId="8c84fa94-04c1-424b-9868-57a2d4851a1d" relativeResultsDirectory="adbb592b-881b-47f8-9e9d-2dbb4a9b1ecd" />
    <UnitTestResult executionId="73e5a809-9265-4e00-a194-517e65003a82" testId="8332f7eb-6df6-17fa-7e37-7e0b63579e68" testName="IsRegExMatchIntegration (&quot;bar&quot;,&quot;b?r&quot;,True)" computerName="pkrvmxyh4eaekms" duration="00:00:00.0005629" startTime="2025-06-21T20:04:55.2288749+00:00" endTime="2025-06-21T20:04:55.2298672+00:00" testType="13cdc9d9-ddb5-4fa4-a97d-d965ccfc6d4b" outcome="Passed" testListId="8c84fa94-04c1-424b-9868-57a2d4851a1d" relativeResultsDirectory="73e5a809-9265-4e00-a194-517e65003a82" />
    <UnitTestResult executionId="0a4805e6-0046-49e4-81d0-ff2b38115ac8" testId="d2c42fa7-f2dc-ae5f-b261-27521ecdf3d0" testName="IsRegExMatchIntegrationArray (&quot;&quot;,[null,&quot;&quot;,&quot;*&quot;,&quot;test&quot;],True)" computerName="pkrvmxyh4eaekms" duration="00:00:00.0000222" startTime="2025-06-21T20:04:55.2369710+00:00" endTime="2025-06-21T20:04:55.2371998+00:00" testType="13cdc9d9-ddb5-4fa4-a97d-d965ccfc6d4b" outcome="Passed" testListId="8c84fa94-04c1-424b-9868-57a2d4851a1d" relativeResultsDirectory="0a4805e6-0046-49e4-81d0-ff2b38115ac8" />
    <UnitTestResult executionId="6e4e6445-337a-4fb3-a72b-4892273054b1" testId="f59ea59b-b653-47f6-0ef9-de66dfc6c68e" testName="IsRegExMatchIntegrationArray (null,[null,&quot;&quot;,&quot;*&quot;,&quot;test&quot;],True)" computerName="pkrvmxyh4eaekms" duration="00:00:00.0000189" startTime="2025-06-21T20:04:55.2367300+00:00" endTime="2025-06-21T20:04:55.2369318+00:00" testType="13cdc9d9-ddb5-4fa4-a97d-d965ccfc6d4b" outcome="Passed" testListId="8c84fa94-04c1-424b-9868-57a2d4851a1d" relativeResultsDirectory="6e4e6445-337a-4fb3-a72b-4892273054b1" />
    <UnitTestResult executionId="831b440e-b048-40d6-b556-51760c7bfe1e" testId="d4acf9d4-6034-e355-5f26-7bf6f871a988" testName="IsRegExMatchIntegration (&quot;dynx&quot;,&quot;*dyn*&quot;,True)" computerName="pkrvmxyh4eaekms" duration="00:00:00.0000182" startTime="2025-06-21T20:04:55.2308573+00:00" endTime="2025-06-21T20:04:55.2310108+00:00" testType="13cdc9d9-ddb5-4fa4-a97d-d965ccfc6d4b" outcome="Passed" testListId="8c84fa94-04c1-424b-9868-57a2d4851a1d" relativeResultsDirectory="831b440e-b048-40d6-b556-51760c7bfe1e" />
    <UnitTestResult executionId="1776a472-2369-463a-b238-f61225765a2a" testId="f817e4b5-d075-ea42-49a1-c565a73bb2f9" testName="IsRegExMatchIntegration (&quot;https:///&quot;)" computerName="pkrvmxyh4eaekms" duration="00:00:00.0102044" startTime="2025-06-21T20:04:48.5061277+00:00" endTime="2025-06-21T20:04:48.5369397+00:00" testType="13cdc9d9-ddb5-4fa4-a97d-d965ccfc6d4b" outcome="Passed" testListId="8c84fa94-04c1-424b-9868-57a2d4851a1d" relativeResultsDirectory="1776a472-2369-463a-b238-f61225765a2a" />
    <UnitTestResult executionId="66072aff-e31b-4b35-82a6-eba29f0c40d8" testId="d7957730-df21-c691-a538-93b2799dc829" testName="IsRegExMatchIntegration (&quot;foo&quot;,&quot;*&quot;,True)" computerName="pkrvmxyh4eaekms" duration="00:00:00.0012855" startTime="2025-06-21T20:04:55.2264995+00:00" endTime="2025-06-21T20:04:55.2288119+00:00" testType="13cdc9d9-ddb5-4fa4-a97d-d965ccfc6d4b" outcome="Passed" testListId="8c84fa94-04c1-424b-9868-57a2d4851a1d" relativeResultsDirectory="66072aff-e31b-4b35-82a6-eba29f0c40d8" />
    <UnitTestResult executionId="d2ffe40a-fe61-42d7-848f-a2c69ab6ad02" testId="759c33a5-db99-6a11-9dab-1d09f154d970" testName="IsRegExMatchIntegrationArray (&quot;foo&quot;,[],False)" computerName="pkrvmxyh4eaekms" duration="00:00:00.0001535" startTime="2025-06-21T20:04:55.2336093+00:00" endTime="2025-06-21T20:04:55.2339219+00:00" testType="13cdc9d9-ddb5-4fa4-a97d-d965ccfc6d4b" outcome="Passed" testListId="8c84fa94-04c1-424b-9868-57a2d4851a1d" relativeResultsDirectory="d2ffe40a-fe61-42d7-848f-a2c69ab6ad02" />
    <UnitTestResult executionId="146f003d-cf1d-49f2-904e-79dc7f836fca" testId="759c33a5-db99-6a11-9dab-1d09f154d970" testName="IsRegExMatchIntegrationArray (&quot;foo&quot;,[],False)" computerName="pkrvmxyh4eaekms" duration="00:00:00.0004114" startTime="2025-06-21T20:04:55.2310450+00:00" endTime="2025-06-21T20:04:55.2335752+00:00" testType="13cdc9d9-ddb5-4fa4-a97d-d965ccfc6d4b" outcome="Passed" testListId="8c84fa94-04c1-424b-9868-57a2d4851a1d" relativeResultsDirectory="146f003d-cf1d-49f2-904e-79dc7f836fca" />
    <UnitTestResult executionId="36fd1e3a-f687-42cb-b80f-259ae9901090" testId="e69d8f5b-d313-f04f-5932-a62b3c1372d8" testName="IsRegExMatchIntegration (null,&quot;*&quot;,False)" computerName="pkrvmxyh4eaekms" duration="00:00:00.0000195" startTime="2025-06-21T20:04:55.2304020+00:00" endTime="2025-06-21T20:04:55.2305874+00:00" testType="13cdc9d9-ddb5-4fa4-a97d-d965ccfc6d4b" outcome="Passed" testListId="8c84fa94-04c1-424b-9868-57a2d4851a1d" relativeResultsDirectory="36fd1e3a-f687-42cb-b80f-259ae9901090" />
    <UnitTestResult executionId="70b51fdd-b237-48f5-be9f-6edf58846db8" testId="eb8d22a9-258a-b1b2-581a-c04af435eac0" testName="IsRegExMatchIntegrationArray (&quot;foo&quot;,[&quot;*f*&quot;,&quot;*o&quot;,&quot;o&quot;],True)" computerName="pkrvmxyh4eaekms" duration="00:00:00.0000306" startTime="2025-06-21T20:04:55.2372547+00:00" endTime="2025-06-21T20:04:55.2375288+00:00" testType="13cdc9d9-ddb5-4fa4-a97d-d965ccfc6d4b" outcome="Passed" testListId="8c84fa94-04c1-424b-9868-57a2d4851a1d" relativeResultsDirectory="70b51fdd-b237-48f5-be9f-6edf58846db8" />
    <UnitTestResult executionId="45e8ca5b-310e-4dc5-8196-95373a8cdadf" testId="c4369302-c56f-44fb-3f23-b1c04be4c3a7" testName="IsRegExMatchIntegration (&quot;foo&quot;,null,False)" computerName="pkrvmxyh4eaekms" duration="00:00:00.0000143" startTime="2025-06-21T20:04:55.2301422+00:00" endTime="2025-06-21T20:04:55.2303577+00:00" testType="13cdc9d9-ddb5-4fa4-a97d-d965ccfc6d4b" outcome="Passed" testListId="8c84fa94-04c1-424b-9868-57a2d4851a1d" relativeResultsDirectory="45e8ca5b-310e-4dc5-8196-95373a8cdadf" />
    <UnitTestResult executionId="c185470f-f49a-4827-89ed-e1d18fd5782d" testId="0120bcc0-0f50-9225-3552-7c8effeebf0b" testName="IsRegExMatchIntegrationArray (&quot;foo&quot;,null,False)" computerName="pkrvmxyh4eaekms" duration="00:00:00.0000171" startTime="2025-06-21T20:04:55.2358061+00:00" endTime="2025-06-21T20:04:55.2360047+00:00" testType="13cdc9d9-ddb5-4fa4-a97d-d965ccfc6d4b" outcome="Passed" testListId="8c84fa94-04c1-424b-9868-57a2d4851a1d" relativeResultsDirectory="c185470f-f49a-4827-89ed-e1d18fd5782d" />
    <UnitTestResult executionId="68f3bfc0-6018-4c96-82d2-068aa36ae4d2" testId="759c33a5-db99-6a11-9dab-1d09f154d970" testName="IsRegExMatchIntegrationArray (&quot;foo&quot;,[],False)" computerName="pkrvmxyh4eaekms" duration="00:00:00.0000135" startTime="2025-06-21T20:04:55.2360406+00:00" endTime="2025-06-21T20:04:55.2362290+00:00" testType="13cdc9d9-ddb5-4fa4-a97d-d965ccfc6d4b" outcome="Passed" testListId="8c84fa94-04c1-424b-9868-57a2d4851a1d" relativeResultsDirectory="68f3bfc0-6018-4c96-82d2-068aa36ae4d2" />
    <UnitTestResult executionId="b8a21a38-e78f-4cef-a720-e11fa61584f4" testId="df895dc0-2ccb-846a-e0ae-c35dd3884995" testName="TestMyMiddlewareIntegration (100)" computerName="pkrvmxyh4eaekms" duration="00:00:08.1190971" startTime="2025-06-21T20:04:55.2378772+00:00" endTime="2025-06-21T20:05:03.4325906+00:00" testType="13cdc9d9-ddb5-4fa4-a97d-d965ccfc6d4b" outcome="Passed" testListId="8c84fa94-04c1-424b-9868-57a2d4851a1d" relativeResultsDirectory="b8a21a38-e78f-4cef-a720-e11fa61584f4">
      <Output>
        <StdOut>dbug: Microsoft.Extensions.Hosting.Internal.Host[1]
      Hosting starting
dbug: Microsoft.AspNetCore.HostFiltering.HostFilteringMiddleware[7]
      Middleware configuration started with options: {AllowedHosts = *, AllowEmptyHosts = True, IncludeFailureMessage = True}
dbug: Microsoft.AspNetCore.HostFiltering.HostFilteringMiddleware[0]
      Wildcard detected, all requests with hosts will be allowed.
warn: Microsoft.AspNetCore.Server.Kestrel.Core.KestrelServer[8]
      The ASP.NET Core developer certificate is not trusted. For information about trusting the ASP.NET Core developer certificate, see https://aka.ms/aspnet/https-trust-dev-cert
info: Microsoft.Hosting.Lifetime[14]
      Now listening on: https://localhost:5426
dbug: Microsoft.AspNetCore.Hosting.Diagnostics[13]
      Loaded hosting startup assembly testhost
info: BlackBytesBox.Routed.RequestFilters.Services.MiddlewareFailurePointService[0]
      No persisted data file found at /home/runner/work/BlackBytesBox.Routed.RequestFilters/BlackBytesBox.Routed.RequestFilters/source/BlackBytesBox.Routed.RequestFilters/BlackBytesBox.Routed.RequestFilters.Tests/bin/Release/net9.0/FailurePointsFilteringMiddleware.json.
info: BlackBytesBox.Routed.RequestFilters.Middleware.FailurePointsFilteringMiddleware[0]
      Successfully loaded persisted data during application startup.
info: Microsoft.Hosting.Lifetime[0]
      Application started. Press Ctrl+C to shut down.
info: Microsoft.Hosting.Lifetime[0]
      Hosting environment: Production
info: Microsoft.Hosting.Lifetime[0]
      Content root path: /home/runner/work/BlackBytesBox.Routed.RequestFilters/BlackBytesBox.Routed.RequestFilters/source/BlackBytesBox.Routed.RequestFilters/BlackBytesBox.Routed.RequestFilters.Tests/bin/Release/net9.0
dbug: Microsoft.AspNetCore.Server.Kestrel.Connections[39]
      Connection id "0HNDGVRG5SB6T" accepted.
dbug: Microsoft.AspNetCore.Server.Kestrel.Connections[1]
      Connection id "0HNDGVRG5SB6T" started.
dbug: Microsoft.AspNetCore.Server.Kestrel.Https.Internal.HttpsConnectionMiddleware[3]
      Connection 0HNDGVRG5SB6T established using the following protocol: Tls13
info: Microsoft.AspNetCore.Hosting.Diagnostics[1]
      Request starting HTTP/1.1 GET https://localhost:5426/home - - -
trce: Microsoft.AspNetCore.HostFiltering.HostFilteringMiddleware[2]
      All hosts are allowed.
dbug: Microsoft.AspNetCore.Routing.Matching.DfaMatcher[1001]
      1 candidate(s) found for the request path '/home'
dbug: Microsoft.AspNetCore.Routing.EndpointRoutingMiddleware[1]
      Request matched endpoint 'HTTP: GET /home'
trce: Microsoft.AspNetCore.Routing.EndpointRoutingMiddleware[8]
      The endpoint does not specify the IRequestSizeLimitMetadata.
dbug: BlackBytesBox.Routed.RequestFilters.Middleware.RemoteIPFilteringMiddleware[0]
      Allowed: RemoteIpAddress '::1' - continuing.
dbug: BlackBytesBox.Routed.RequestFilters.Middleware.CIDRFilteringMiddleware[0]
      Bypassing CIDR filtering for localhost.
dbug: BlackBytesBox.Routed.RequestFilters.Middleware.SegmentFilteringMiddleware[0]
      Whitelisted continue: URL segments 'https://localhost:5426/home' matched whitelisted pattern *.
dbug: BlackBytesBox.Routed.RequestFilters.Middleware.FailurePointsFilteringMiddleware[0]
      Allowed: IP '::1' with 0 failures - continuing.
info: Microsoft.AspNetCore.Routing.EndpointMiddleware[0]
      Executing endpoint 'HTTP: GET /home'
info: Microsoft.AspNetCore.Routing.EndpointMiddleware[1]
      Executed endpoint 'HTTP: GET /home'
dbug: Microsoft.AspNetCore.Server.Kestrel.Connections[9]
      Connection id "0HNDGVRG5SB6T" completed keep alive response.
info: Microsoft.AspNetCore.Hosting.Diagnostics[2]
      Request finished HTTP/1.1 GET https://localhost:5426/home - 200 - - 5.6259ms
info: Microsoft.AspNetCore.Hosting.Diagnostics[1]
      Request starting HTTP/1.1 GET https://localhost:5426/home/fooa - - -
trce: Microsoft.AspNetCore.HostFiltering.HostFilteringMiddleware[2]
      All hosts are allowed.
dbug: Microsoft.AspNetCore.Routing.Matching.DfaMatcher[1001]
      1 candidate(s) found for the request path '/home/fooa'
dbug: Microsoft.AspNetCore.Routing.EndpointRoutingMiddleware[1]
      Request matched endpoint 'HTTP: GET /home/fooa'
trce: Microsoft.AspNetCore.Routing.EndpointRoutingMiddleware[8]
      The endpoint does not specify the IRequestSizeLimitMetadata.
dbug: BlackBytesBox.Routed.RequestFilters.Middleware.RemoteIPFilteringMiddleware[0]
      Allowed: RemoteIpAddress '::1' - continuing.
dbug: BlackBytesBox.Routed.RequestFilters.Middleware.CIDRFilteringMiddleware[0]
      Bypassing CIDR filtering for localhost.
dbug: BlackBytesBox.Routed.RequestFilters.Middleware.SegmentFilteringMiddleware[0]
      Whitelisted continue: URL segments 'https://localhost:5426/home/fooa' matched whitelisted pattern *.
dbug: BlackBytesBox.Routed.RequestFilters.Middleware.FailurePointsFilteringMiddleware[0]
      Allowed: IP '::1' with 0 failures - continuing.
info: Microsoft.AspNetCore.Routing.EndpointMiddleware[0]
      Executing endpoint 'HTTP: GET /home/fooa'
info: Microsoft.AspNetCore.Routing.EndpointMiddleware[1]
      Executed endpoint 'HTTP: GET /home/fooa'
dbug: Microsoft.AspNetCore.Server.Kestrel.Connections[9]
      Connection id "0HNDGVRG5SB6T" completed keep alive response.
info: Microsoft.AspNetCore.Hosting.Diagnostics[2]
      Request finished HTTP/1.1 GET https://localhost:5426/home/fooa - 200 - - 1.2214ms
info: Microsoft.AspNetCore.Hosting.Diagnostics[1]
      Request starting HTTP/1.1 GET https://localhost:5426/ - - -
trce: Microsoft.AspNetCore.HostFiltering.HostFilteringMiddleware[2]
      All hosts are allowed.
dbug: Microsoft.AspNetCore.Routing.Matching.DfaMatcher[1001]
      1 candidate(s) found for the request path '/'
dbug: Microsoft.AspNetCore.Routing.EndpointRoutingMiddleware[1]
      Request matched endpoint 'HTTP: GET /'
trce: Microsoft.AspNetCore.Routing.EndpointRoutingMiddleware[8]
      The endpoint does not specify the IRequestSizeLimitMetadata.
dbug: BlackBytesBox.Routed.RequestFilters.Middleware.RemoteIPFilteringMiddleware[0]
      Allowed: RemoteIpAddress '::1' - continuing.
dbug: BlackBytesBox.Routed.RequestFilters.Middleware.CIDRFilteringMiddleware[0]
      Bypassing CIDR filtering for localhost.
dbug: BlackBytesBox.Routed.RequestFilters.Middleware.SegmentFilteringMiddleware[0]
      Whitelisted continue: URL segments 'https://localhost:5426/' matched whitelisted pattern *.
dbug: BlackBytesBox.Routed.RequestFilters.Middleware.FailurePointsFilteringMiddleware[0]
      Allowed: IP '::1' with 0 failures - continuing.
info: Microsoft.AspNetCore.Routing.EndpointMiddleware[0]
      Executing endpoint 'HTTP: GET /'
info: Microsoft.AspNetCore.Routing.EndpointMiddleware[1]
      Executed endpoint 'HTTP: GET /'
dbug: Microsoft.AspNetCore.Server.Kestrel.Connections[9]
      Connection id "0HNDGVRG5SB6T" completed keep alive response.
info: Microsoft.AspNetCore.Hosting.Diagnostics[2]
      Request finished HTTP/1.1 GET https://localhost:5426/ - 200 - - 0.4336ms
info: Microsoft.AspNetCore.Hosting.Diagnostics[1]
      Request starting HTTP/1.1 GET https://localhost:5426/ - - -
trce: Microsoft.AspNetCore.HostFiltering.HostFilteringMiddleware[2]
      All hosts are allowed.
dbug: Microsoft.AspNetCore.Routing.Matching.DfaMatcher[1001]
      1 candidate(s) found for the request path '/'
dbug: Microsoft.AspNetCore.Routing.EndpointRoutingMiddleware[1]
      Request matched endpoint 'HTTP: GET /'
trce: Microsoft.AspNetCore.Routing.EndpointRoutingMiddleware[8]
      The endpoint does not specify the IRequestSizeLimitMetadata.
dbug: BlackBytesBox.Routed.RequestFilters.Middleware.RemoteIPFilteringMiddleware[0]
      Allowed: RemoteIpAddress '::1' - continuing.
dbug: BlackBytesBox.Routed.RequestFilters.Middleware.CIDRFilteringMiddleware[0]
      Bypassing CIDR filtering for localhost.
dbug: BlackBytesBox.Routed.RequestFilters.Middleware.SegmentFilteringMiddleware[0]
      Whitelisted continue: URL segments 'https://localhost:5426/' matched whitelisted pattern *.
dbug: BlackBytesBox.Routed.RequestFilters.Middleware.FailurePointsFilteringMiddleware[0]
      Allowed: IP '::1' with 0 failures - continuing.
info: Microsoft.AspNetCore.Routing.EndpointMiddleware[0]
      Executing endpoint 'HTTP: GET /'
info: Microsoft.AspNetCore.Routing.EndpointMiddleware[1]
      Executed endpoint 'HTTP: GET /'
dbug: Microsoft.AspNetCore.Server.Kestrel.Connections[9]
      Connection id "0HNDGVRG5SB6T" completed keep alive response.
info: Microsoft.AspNetCore.Hosting.Diagnostics[2]
      Request finished HTTP/1.1 GET https://localhost:5426/ - 200 - - 0.5007ms
dbug: Microsoft.AspNetCore.Server.Kestrel.Transport.Sockets[6]
      Connection id "0HNDGVRG5SB6T" received FIN.
dbug: Microsoft.AspNetCore.Server.Kestrel.Transport.Sockets[7]
      Connection id "0HNDGVRG5SB6T" sending FIN because: "The Socket transport's send loop completed gracefully."
dbug: Microsoft.AspNetCore.Server.Kestrel.Connections[10]
      Connection id "0HNDGVRG5SB6T" disconnecting.
dbug: Microsoft.AspNetCore.Server.Kestrel.Connections[2]
      Connection id "0HNDGVRG5SB6T" stopped.
dbug: Microsoft.Extensions.Hosting.Internal.Host[3]
      Hosting stopping
info: BlackBytesBox.Routed.RequestFilters.Services.MiddlewareFailurePointService[0]
      Dumped failure point data to JSON file at /home/runner/work/BlackBytesBox.Routed.RequestFilters/BlackBytesBox.Routed.RequestFilters/source/BlackBytesBox.Routed.RequestFilters/BlackBytesBox.Routed.RequestFilters.Tests/bin/Release/net9.0/FailurePointsFilteringMiddleware.json
info: BlackBytesBox.Routed.RequestFilters.Middleware.FailurePointsFilteringMiddleware[0]
      Successfully dumped all data during application shutdown.
info: Microsoft.Hosting.Lifetime[0]
      Application is shutting down...
dbug: Microsoft.Extensions.Hosting.Internal.Host[4]
      Hosting stopped</StdOut>
      </Output>
    </UnitTestResult>
    <UnitTestResult executionId="d84aa9d2-35f0-4db9-8b57-e111a2713c33" testId="b292e116-23cd-95df-84c9-ccd9206c29c3" testName="IsRegExMatchIntegration (&quot;ydyn&quot;,&quot;*dyn*&quot;,True)" computerName="pkrvmxyh4eaekms" duration="00:00:00.0000216" startTime="2025-06-21T20:04:55.2306281+00:00" endTime="2025-06-21T20:04:55.2308275+00:00" testType="13cdc9d9-ddb5-4fa4-a97d-d965ccfc6d4b" outcome="Passed" testListId="8c84fa94-04c1-424b-9868-57a2d4851a1d" relativeResultsDirectory="d84aa9d2-35f0-4db9-8b57-e111a2713c33" />
    <UnitTestResult executionId="fe47542b-3108-4831-96c9-f277705067cf" testId="efa609d9-2713-7b15-e1c9-c215aa9fed49" testName="TestMyMiddlewareIntegration (100)" computerName="pkrvmxyh4eaekms" duration="00:00:06.4497090" startTime="2025-06-21T20:04:48.5408930+00:00" endTime="2025-06-21T20:04:55.2189662+00:00" testType="13cdc9d9-ddb5-4fa4-a97d-d965ccfc6d4b" outcome="Passed" testListId="8c84fa94-04c1-424b-9868-57a2d4851a1d" relativeResultsDirectory="fe47542b-3108-4831-96c9-f277705067cf">
      <Output>
        <StdOut>dbug: Microsoft.Extensions.Hosting.Internal.Host[1]
      Hosting starting
dbug: Microsoft.AspNetCore.HostFiltering.HostFilteringMiddleware[7]
      Middleware configuration started with options: {AllowedHosts = *, AllowEmptyHosts = True, IncludeFailureMessage = True}
dbug: Microsoft.AspNetCore.HostFiltering.HostFilteringMiddleware[0]
      Wildcard detected, all requests with hosts will be allowed.
warn: Microsoft.AspNetCore.Server.Kestrel.Core.KestrelServer[8]
      The ASP.NET Core developer certificate is not trusted. For information about trusting the ASP.NET Core developer certificate, see https://aka.ms/aspnet/https-trust-dev-cert
info: Microsoft.Hosting.Lifetime[14]
      Now listening on: https://localhost:5425
dbug: Microsoft.AspNetCore.Hosting.Diagnostics[13]
      Loaded hosting startup assembly testhost
info: BlackBytesBox.Routed.RequestFilters.Services.MiddlewareFailurePointService[0]
      No persisted data file found at /home/runner/work/BlackBytesBox.Routed.RequestFilters/BlackBytesBox.Routed.RequestFilters/source/BlackBytesBox.Routed.RequestFilters/BlackBytesBox.Routed.RequestFilters.Tests/bin/Release/net9.0/FailurePointsFilteringMiddleware.json.
info: BlackBytesBox.Routed.RequestFilters.Middleware.FailurePointsFilteringMiddleware[0]
      Successfully loaded persisted data during application startup.
info: Microsoft.Hosting.Lifetime[0]
      Application started. Press Ctrl+C to shut down.
info: Microsoft.Hosting.Lifetime[0]
      Hosting environment: Production
info: Microsoft.Hosting.Lifetime[0]
      Content root path: /home/runner/work/BlackBytesBox.Routed.RequestFilters/BlackBytesBox.Routed.RequestFilters/source/BlackBytesBox.Routed.RequestFilters/BlackBytesBox.Routed.RequestFilters.Tests/bin/Release/net9.0
dbug: Microsoft.AspNetCore.Server.Kestrel.Connections[39]
      Connection id "0HNDGVRG5SB6S" accepted.
dbug: Microsoft.AspNetCore.Server.Kestrel.Connections[1]
      Connection id "0HNDGVRG5SB6S" started.
dbug: Microsoft.AspNetCore.Server.Kestrel.Https.Internal.HttpsConnectionMiddleware[3]
      Connection 0HNDGVRG5SB6S established using the following protocol: Tls13
info: Microsoft.AspNetCore.Hosting.Diagnostics[1]
      Request starting HTTP/1.1 GET https://localhost:5425/ - - -
trce: Microsoft.AspNetCore.HostFiltering.HostFilteringMiddleware[2]
      All hosts are allowed.
dbug: Microsoft.AspNetCore.Routing.Matching.DfaMatcher[1001]
      1 candidate(s) found for the request path '/'
dbug: Microsoft.AspNetCore.Routing.EndpointRoutingMiddleware[1]
      Request matched endpoint 'HTTP: GET /'
trce: Microsoft.AspNetCore.Routing.EndpointRoutingMiddleware[8]
      The endpoint does not specify the IRequestSizeLimitMetadata.
dbug: BlackBytesBox.Routed.RequestFilters.Middleware.RemoteIPFilteringMiddleware[0]
      Allowed: RemoteIpAddress '::1' - continuing.
dbug: BlackBytesBox.Routed.RequestFilters.Middleware.HttpProtocolFilteringMiddleware[0]
      Allowed: protocol 'HTTP/1.1' - continuing.
dbug: BlackBytesBox.Routed.RequestFilters.Middleware.HostNameFilteringMiddleware[0]
      Whitelisted continue: host 'localhost' matched whitelisted pattern localhost.
dbug: BlackBytesBox.Routed.RequestFilters.Middleware.UserAgentFilteringMiddleware[0]
      Allowed: User-Agent 'Mozilla/5.0 (Windows NT 10.0; Win64; x64) AppleWebKit/537.36 (KHTML, like Gecko) Chrome/90.0.4430.93 Safari/537.36' - continuing.
dbug: BlackBytesBox.Routed.RequestFilters.Middleware.RequestUrlFilteringMiddleware[0]
      Allowed: requestUrl '/' - continuing.
dbug: BlackBytesBox.Routed.RequestFilters.Middleware.DnsHostNameFilteringMiddleware[0]
      Allowed: DNS host 'localhost.' - continuing.
dbug: BlackBytesBox.Routed.RequestFilters.Middleware.HeaderPresentsFilteringMiddleware[0]
      Allowed: Headers 4 match  e.g. 'Host' - continuing.
dbug: BlackBytesBox.Routed.RequestFilters.Middleware.AcceptLanguageFilteringMiddleware[0]
      Allowed: Accept-Language 'de-DE' - continuing.
dbug: BlackBytesBox.Routed.RequestFilters.Middleware.SegmentFilteringMiddleware[0]
      Whitelisted continue: URL segments 'https://localhost:5425/' matched whitelisted pattern *.
dbug: BlackBytesBox.Routed.RequestFilters.Middleware.PathDeepFilteringMiddleware[0]
      Allowed: depth 0 on / - continuing.
dbug: BlackBytesBox.Routed.RequestFilters.Middleware.HeaderValuesRequiredFilteringMiddleware[0]
      Processed header 'User-Agent' with value 'Mozilla/5.0 (Windows NT 10.0; Win64; x64) AppleWebKit/537.36 (KHTML, like Gecko) Chrome/90.0.4430.93 Safari/537.36'.
dbug: BlackBytesBox.Routed.RequestFilters.Middleware.HeaderValuesRequiredFilteringMiddleware[0]
      Allowed: All required headers validated successfully. - continuing.
dbug: BlackBytesBox.Routed.RequestFilters.Middleware.FailurePointsFilteringMiddleware[0]
      Allowed: IP '::1' with 0 failures - continuing.
info: Microsoft.AspNetCore.Routing.EndpointMiddleware[0]
      Executing endpoint 'HTTP: GET /'
info: Microsoft.AspNetCore.Routing.EndpointMiddleware[1]
      Executed endpoint 'HTTP: GET /'
dbug: Microsoft.AspNetCore.Server.Kestrel.Connections[9]
      Connection id "0HNDGVRG5SB6S" completed keep alive response.
info: Microsoft.AspNetCore.Hosting.Diagnostics[2]
      Request finished HTTP/1.1 GET https://localhost:5425/ - 200 - - 144.0529ms
info: Microsoft.AspNetCore.Hosting.Diagnostics[1]
      Request starting HTTP/1.1 GET https://localhost:5425/ - - -
trce: Microsoft.AspNetCore.HostFiltering.HostFilteringMiddleware[2]
      All hosts are allowed.
dbug: Microsoft.AspNetCore.Routing.Matching.DfaMatcher[1001]
      1 candidate(s) found for the request path '/'
dbug: Microsoft.AspNetCore.Routing.EndpointRoutingMiddleware[1]
      Request matched endpoint 'HTTP: GET /'
trce: Microsoft.AspNetCore.Routing.EndpointRoutingMiddleware[8]
      The endpoint does not specify the IRequestSizeLimitMetadata.
dbug: BlackBytesBox.Routed.RequestFilters.Middleware.RemoteIPFilteringMiddleware[0]
      Allowed: RemoteIpAddress '::1' - continuing.
dbug: BlackBytesBox.Routed.RequestFilters.Middleware.HttpProtocolFilteringMiddleware[0]
      Allowed: protocol 'HTTP/1.1' - continuing.
dbug: BlackBytesBox.Routed.RequestFilters.Middleware.HostNameFilteringMiddleware[0]
      Whitelisted continue: host 'localhost' matched whitelisted pattern localhost.
dbug: BlackBytesBox.Routed.RequestFilters.Middleware.UserAgentFilteringMiddleware[0]
      Allowed: User-Agent 'Mozilla/5.0 (Windows NT 10.0; Win64; x64) AppleWebKit/537.36 (KHTML, like Gecko) Chrome/90.0.4430.93 Safari/537.36' - continuing.
dbug: BlackBytesBox.Routed.RequestFilters.Middleware.RequestUrlFilteringMiddleware[0]
      Allowed: requestUrl '/' - continuing.
dbug: BlackBytesBox.Routed.RequestFilters.Middleware.DnsHostNameFilteringMiddleware[0]
      Allowed: DNS host 'localhost.' - continuing.
dbug: BlackBytesBox.Routed.RequestFilters.Middleware.HeaderPresentsFilteringMiddleware[0]
      Allowed: Headers 4 match  e.g. 'Host' - continuing.
dbug: BlackBytesBox.Routed.RequestFilters.Middleware.AcceptLanguageFilteringMiddleware[0]
      Allowed: Accept-Language 'de-DE' - continuing.
dbug: BlackBytesBox.Routed.RequestFilters.Middleware.SegmentFilteringMiddleware[0]
      Whitelisted continue: URL segments 'https://localhost:5425/' matched whitelisted pattern *.
dbug: BlackBytesBox.Routed.RequestFilters.Middleware.PathDeepFilteringMiddleware[0]
      Allowed: depth 0 on / - continuing.
dbug: BlackBytesBox.Routed.RequestFilters.Middleware.HeaderValuesRequiredFilteringMiddleware[0]
      Processed header 'User-Agent' with value 'Mozilla/5.0 (Windows NT 10.0; Win64; x64) AppleWebKit/537.36 (KHTML, like Gecko) Chrome/90.0.4430.93 Safari/537.36'.
dbug: BlackBytesBox.Routed.RequestFilters.Middleware.HeaderValuesRequiredFilteringMiddleware[0]
      Allowed: All required headers validated successfully. - continuing.
dbug: BlackBytesBox.Routed.RequestFilters.Middleware.FailurePointsFilteringMiddleware[0]
      Allowed: IP '::1' with 0 failures - continuing.
info: Microsoft.AspNetCore.Routing.EndpointMiddleware[0]
      Executing endpoint 'HTTP: GET /'
info: Microsoft.AspNetCore.Routing.EndpointMiddleware[1]
      Executed endpoint 'HTTP: GET /'
dbug: Microsoft.AspNetCore.Server.Kestrel.Connections[9]
      Connection id "0HNDGVRG5SB6S" completed keep alive response.
info: Microsoft.AspNetCore.Hosting.Diagnostics[2]
      Request finished HTTP/1.1 GET https://localhost:5425/ - 200 - - 64.4267ms
info: Microsoft.AspNetCore.Hosting.Diagnostics[1]
      Request starting HTTP/1.1 GET https://localhost:5425/ - - -
trce: Microsoft.AspNetCore.HostFiltering.HostFilteringMiddleware[2]
      All hosts are allowed.
dbug: Microsoft.AspNetCore.Routing.Matching.DfaMatcher[1001]
      1 candidate(s) found for the request path '/'
dbug: Microsoft.AspNetCore.Routing.EndpointRoutingMiddleware[1]
      Request matched endpoint 'HTTP: GET /'
trce: Microsoft.AspNetCore.Routing.EndpointRoutingMiddleware[8]
      The endpoint does not specify the IRequestSizeLimitMetadata.
dbug: BlackBytesBox.Routed.RequestFilters.Middleware.RemoteIPFilteringMiddleware[0]
      Allowed: RemoteIpAddress '::1' - continuing.
dbug: BlackBytesBox.Routed.RequestFilters.Middleware.HttpProtocolFilteringMiddleware[0]
      Allowed: protocol 'HTTP/1.1' - continuing.
dbug: BlackBytesBox.Routed.RequestFilters.Middleware.HostNameFilteringMiddleware[0]
      Whitelisted continue: host 'localhost' matched whitelisted pattern localhost.
dbug: BlackBytesBox.Routed.RequestFilters.Middleware.UserAgentFilteringMiddleware[0]
      Allowed: User-Agent 'Mozilla/5.0 (Windows NT 10.0; Win64; x64) AppleWebKit/537.36 (KHTML, like Gecko) Chrome/90.0.4430.93 Safari/537.36' - continuing.
dbug: BlackBytesBox.Routed.RequestFilters.Middleware.RequestUrlFilteringMiddleware[0]
      Allowed: requestUrl '/' - continuing.
dbug: BlackBytesBox.Routed.RequestFilters.Middleware.DnsHostNameFilteringMiddleware[0]
      Allowed: DNS host 'localhost.' - continuing.
dbug: BlackBytesBox.Routed.RequestFilters.Middleware.HeaderPresentsFilteringMiddleware[0]
      Allowed: Headers 4 match  e.g. 'Host' - continuing.
dbug: BlackBytesBox.Routed.RequestFilters.Middleware.AcceptLanguageFilteringMiddleware[0]
      Allowed: Accept-Language 'de-DE' - continuing.
dbug: BlackBytesBox.Routed.RequestFilters.Middleware.SegmentFilteringMiddleware[0]
      Whitelisted continue: URL segments 'https://localhost:5425/' matched whitelisted pattern *.
dbug: BlackBytesBox.Routed.RequestFilters.Middleware.PathDeepFilteringMiddleware[0]
      Allowed: depth 0 on / - continuing.
dbug: BlackBytesBox.Routed.RequestFilters.Middleware.HeaderValuesRequiredFilteringMiddleware[0]
      Processed header 'User-Agent' with value 'Mozilla/5.0 (Windows NT 10.0; Win64; x64) AppleWebKit/537.36 (KHTML, like Gecko) Chrome/90.0.4430.93 Safari/537.36'.
dbug: BlackBytesBox.Routed.RequestFilters.Middleware.HeaderValuesRequiredFilteringMiddleware[0]
      Allowed: All required headers validated successfully. - continuing.
dbug: BlackBytesBox.Routed.RequestFilters.Middleware.FailurePointsFilteringMiddleware[0]
      Allowed: IP '::1' with 0 failures - continuing.
info: Microsoft.AspNetCore.Routing.EndpointMiddleware[0]
      Executing endpoint 'HTTP: GET /'
info: Microsoft.AspNetCore.Routing.EndpointMiddleware[1]
      Executed endpoint 'HTTP: GET /'
dbug: Microsoft.AspNetCore.Server.Kestrel.Connections[9]
      Connection id "0HNDGVRG5SB6S" completed keep alive response.
info: Microsoft.AspNetCore.Hosting.Diagnostics[2]
      Request finished HTTP/1.1 GET https://localhost:5425/ - 200 - - 71.5903ms</StdOut>
      </Output>
    </UnitTestResult>
    <UnitTestResult executionId="7e36c5ea-bbd9-489b-9421-c311eed09429" testId="89e140d1-765f-6ef4-2832-7f7040788513" testName="IsRegExMatchIntegrationArray (&quot;CRITFORGE.COM&quot;,[&quot;critforge.com&quot;],True)" computerName="pkrvmxyh4eaekms" duration="00:00:00.0000312" startTime="2025-06-21T20:04:55.2375685+00:00" endTime="2025-06-21T20:04:55.2378374+00:00" testType="13cdc9d9-ddb5-4fa4-a97d-d965ccfc6d4b" outcome="Passed" testListId="8c84fa94-04c1-424b-9868-57a2d4851a1d" relativeResultsDirectory="7e36c5ea-bbd9-489b-9421-c311eed09429" />
  </Results>
  <TestDefinitions>
    <UnitTest name="IsRegExMatchIntegration (&quot;bar&quot;,&quot;b?r&quot;,True)" storage="/home/runner/work/blackbytesbox.routed.requestfilters/blackbytesbox.routed.requestfilters/source/blackbytesbox.routed.requestfilters/blackbytesbox.routed.requestfilters.tests/bin/release/net9.0/blackbytesbox.routed.requestfilters.tests.dll" id="8332f7eb-6df6-17fa-7e37-7e0b63579e68">
      <Execution id="73e5a809-9265-4e00-a194-517e65003a82" />
      <TestMethod codeBase="/home/runner/work/BlackBytesBox.Routed.RequestFilters/BlackBytesBox.Routed.RequestFilters/source/BlackBytesBox.Routed.RequestFilters/BlackBytesBox.Routed.RequestFilters.Tests/bin/Release/net9.0/BlackBytesBox.Routed.RequestFilters.Tests.dll" adapterTypeName="executor://mstestadapter/v2" className="BlackBytesBox.Routed.RequestFilters.Tests.RegExTests" name="IsRegExMatchIntegration" />
    </UnitTest>
    <UnitTest name="IsRegExMatchIntegrationArray (&quot;foo&quot;,null,False)" storage="/home/runner/work/blackbytesbox.routed.requestfilters/blackbytesbox.routed.requestfilters/source/blackbytesbox.routed.requestfilters/blackbytesbox.routed.requestfilters.tests/bin/release/net9.0/blackbytesbox.routed.requestfilters.tests.dll" id="0120bcc0-0f50-9225-3552-7c8effeebf0b">
      <Execution id="c185470f-f49a-4827-89ed-e1d18fd5782d" />
      <TestMethod codeBase="/home/runner/work/BlackBytesBox.Routed.RequestFilters/BlackBytesBox.Routed.RequestFilters/source/BlackBytesBox.Routed.RequestFilters/BlackBytesBox.Routed.RequestFilters.Tests/bin/Release/net9.0/BlackBytesBox.Routed.RequestFilters.Tests.dll" adapterTypeName="executor://mstestadapter/v2" className="BlackBytesBox.Routed.RequestFilters.Tests.RegExTests" name="IsRegExMatchIntegrationArray" />
    </UnitTest>
    <UnitTest name="IsRegExMatchIntegration (&quot;dynx&quot;,&quot;*dyn*&quot;,True)" storage="/home/runner/work/blackbytesbox.routed.requestfilters/blackbytesbox.routed.requestfilters/source/blackbytesbox.routed.requestfilters/blackbytesbox.routed.requestfilters.tests/bin/release/net9.0/blackbytesbox.routed.requestfilters.tests.dll" id="d4acf9d4-6034-e355-5f26-7bf6f871a988">
      <Execution id="831b440e-b048-40d6-b556-51760c7bfe1e" />
      <TestMethod codeBase="/home/runner/work/BlackBytesBox.Routed.RequestFilters/BlackBytesBox.Routed.RequestFilters/source/BlackBytesBox.Routed.RequestFilters/BlackBytesBox.Routed.RequestFilters.Tests/bin/Release/net9.0/BlackBytesBox.Routed.RequestFilters.Tests.dll" adapterTypeName="executor://mstestadapter/v2" className="BlackBytesBox.Routed.RequestFilters.Tests.RegExTests" name="IsRegExMatchIntegration" />
    </UnitTest>
    <UnitTest name="IsRegExMatchIntegration (&quot;ydyn&quot;,&quot;*dyn*&quot;,True)" storage="/home/runner/work/blackbytesbox.routed.requestfilters/blackbytesbox.routed.requestfilters/source/blackbytesbox.routed.requestfilters/blackbytesbox.routed.requestfilters.tests/bin/release/net9.0/blackbytesbox.routed.requestfilters.tests.dll" id="b292e116-23cd-95df-84c9-ccd9206c29c3">
      <Execution id="d84aa9d2-35f0-4db9-8b57-e111a2713c33" />
      <TestMethod codeBase="/home/runner/work/BlackBytesBox.Routed.RequestFilters/BlackBytesBox.Routed.RequestFilters/source/BlackBytesBox.Routed.RequestFilters/BlackBytesBox.Routed.RequestFilters.Tests/bin/Release/net9.0/BlackBytesBox.Routed.RequestFilters.Tests.dll" adapterTypeName="executor://mstestadapter/v2" className="BlackBytesBox.Routed.RequestFilters.Tests.RegExTests" name="IsRegExMatchIntegration" />
    </UnitTest>
    <UnitTest name="IsRegExMatchIntegration (null,&quot;*&quot;,False)" storage="/home/runner/work/blackbytesbox.routed.requestfilters/blackbytesbox.routed.requestfilters/source/blackbytesbox.routed.requestfilters/blackbytesbox.routed.requestfilters.tests/bin/release/net9.0/blackbytesbox.routed.requestfilters.tests.dll" id="e69d8f5b-d313-f04f-5932-a62b3c1372d8">
      <Execution id="36fd1e3a-f687-42cb-b80f-259ae9901090" />
      <TestMethod codeBase="/home/runner/work/BlackBytesBox.Routed.RequestFilters/BlackBytesBox.Routed.RequestFilters/source/BlackBytesBox.Routed.RequestFilters/BlackBytesBox.Routed.RequestFilters.Tests/bin/Release/net9.0/BlackBytesBox.Routed.RequestFilters.Tests.dll" adapterTypeName="executor://mstestadapter/v2" className="BlackBytesBox.Routed.RequestFilters.Tests.RegExTests" name="IsRegExMatchIntegration" />
    </UnitTest>
    <UnitTest name="IsRegExMatchIntegrationArray (&quot;&quot;,[null,&quot;&quot;,&quot;*&quot;,&quot;test&quot;],True)" storage="/home/runner/work/blackbytesbox.routed.requestfilters/blackbytesbox.routed.requestfilters/source/blackbytesbox.routed.requestfilters/blackbytesbox.routed.requestfilters.tests/bin/release/net9.0/blackbytesbox.routed.requestfilters.tests.dll" id="d2c42fa7-f2dc-ae5f-b261-27521ecdf3d0">
      <Execution id="0a4805e6-0046-49e4-81d0-ff2b38115ac8" />
      <TestMethod codeBase="/home/runner/work/BlackBytesBox.Routed.RequestFilters/BlackBytesBox.Routed.RequestFilters/source/BlackBytesBox.Routed.RequestFilters/BlackBytesBox.Routed.RequestFilters.Tests/bin/Release/net9.0/BlackBytesBox.Routed.RequestFilters.Tests.dll" adapterTypeName="executor://mstestadapter/v2" className="BlackBytesBox.Routed.RequestFilters.Tests.RegExTests" name="IsRegExMatchIntegrationArray" />
    </UnitTest>
    <UnitTest name="IsRegExMatchIntegration (null,null,True)" storage="/home/runner/work/blackbytesbox.routed.requestfilters/blackbytesbox.routed.requestfilters/source/blackbytesbox.routed.requestfilters/blackbytesbox.routed.requestfilters.tests/bin/release/net9.0/blackbytesbox.routed.requestfilters.tests.dll" id="30788f73-9233-6c0e-20b9-e5e7738ce25a">
      <Execution id="aed20dd2-133f-451b-a63b-71f04b50292a" />
      <TestMethod codeBase="/home/runner/work/BlackBytesBox.Routed.RequestFilters/BlackBytesBox.Routed.RequestFilters/source/BlackBytesBox.Routed.RequestFilters/BlackBytesBox.Routed.RequestFilters.Tests/bin/Release/net9.0/BlackBytesBox.Routed.RequestFilters.Tests.dll" adapterTypeName="executor://mstestadapter/v2" className="BlackBytesBox.Routed.RequestFilters.Tests.RegExTests" name="IsRegExMatchIntegration" />
    </UnitTest>
    <UnitTest name="IsRegExMatchIntegrationArray (&quot;foo&quot;,[],False)" storage="/home/runner/work/blackbytesbox.routed.requestfilters/blackbytesbox.routed.requestfilters/source/blackbytesbox.routed.requestfilters/blackbytesbox.routed.requestfilters.tests/bin/release/net9.0/blackbytesbox.routed.requestfilters.tests.dll" id="759c33a5-db99-6a11-9dab-1d09f154d970">
      <Execution id="146f003d-cf1d-49f2-904e-79dc7f836fca" />
      <TestMethod codeBase="/home/runner/work/BlackBytesBox.Routed.RequestFilters/BlackBytesBox.Routed.RequestFilters/source/BlackBytesBox.Routed.RequestFilters/BlackBytesBox.Routed.RequestFilters.Tests/bin/Release/net9.0/BlackBytesBox.Routed.RequestFilters.Tests.dll" adapterTypeName="executor://mstestadapter/v2" className="BlackBytesBox.Routed.RequestFilters.Tests.RegExTests" name="IsRegExMatchIntegrationArray" />
    </UnitTest>
    <UnitTest name="IsRegExMatchIntegrationArray (null,[null,&quot;&quot;,&quot;*&quot;,&quot;test&quot;],True)" storage="/home/runner/work/blackbytesbox.routed.requestfilters/blackbytesbox.routed.requestfilters/source/blackbytesbox.routed.requestfilters/blackbytesbox.routed.requestfilters.tests/bin/release/net9.0/blackbytesbox.routed.requestfilters.tests.dll" id="f59ea59b-b653-47f6-0ef9-de66dfc6c68e">
      <Execution id="adbb592b-881b-47f8-9e9d-2dbb4a9b1ecd" />
      <TestMethod codeBase="/home/runner/work/BlackBytesBox.Routed.RequestFilters/BlackBytesBox.Routed.RequestFilters/source/BlackBytesBox.Routed.RequestFilters/BlackBytesBox.Routed.RequestFilters.Tests/bin/Release/net9.0/BlackBytesBox.Routed.RequestFilters.Tests.dll" adapterTypeName="executor://mstestadapter/v2" className="BlackBytesBox.Routed.RequestFilters.Tests.RegExTests" name="IsRegExMatchIntegrationArray" />
    </UnitTest>
    <UnitTest name="TestMyMiddlewareIntegration (100)" storage="/home/runner/work/blackbytesbox.routed.requestfilters/blackbytesbox.routed.requestfilters/source/blackbytesbox.routed.requestfilters/blackbytesbox.routed.requestfilters.tests/bin/release/net9.0/blackbytesbox.routed.requestfilters.tests.dll" id="df895dc0-2ccb-846a-e0ae-c35dd3884995">
      <Execution id="b8a21a38-e78f-4cef-a720-e11fa61584f4" />
      <TestMethod codeBase="/home/runner/work/BlackBytesBox.Routed.RequestFilters/BlackBytesBox.Routed.RequestFilters/source/BlackBytesBox.Routed.RequestFilters/BlackBytesBox.Routed.RequestFilters.Tests/bin/Release/net9.0/BlackBytesBox.Routed.RequestFilters.Tests.dll" adapterTypeName="executor://mstestadapter/v2" className="BlackBytesBox.Routed.RequestFilters.Tests.SegmentFilteringMiddlewareIntegrationTests" name="TestMyMiddlewareIntegration" />
    </UnitTest>
    <UnitTest name="TestMyMiddlewareIntegration (100)" storage="/home/runner/work/blackbytesbox.routed.requestfilters/blackbytesbox.routed.requestfilters/source/blackbytesbox.routed.requestfilters/blackbytesbox.routed.requestfilters.tests/bin/release/net9.0/blackbytesbox.routed.requestfilters.tests.dll" id="efa609d9-2713-7b15-e1c9-c215aa9fed49">
      <Execution id="fe47542b-3108-4831-96c9-f277705067cf" />
      <TestMethod codeBase="/home/runner/work/BlackBytesBox.Routed.RequestFilters/BlackBytesBox.Routed.RequestFilters/source/BlackBytesBox.Routed.RequestFilters/BlackBytesBox.Routed.RequestFilters.Tests/bin/Release/net9.0/BlackBytesBox.Routed.RequestFilters.Tests.dll" adapterTypeName="executor://mstestadapter/v2" className="BlackBytesBox.Routed.RequestFilters.Tests.MyMiddlewareIntegrationTests" name="TestMyMiddlewareIntegration" />
    </UnitTest>
    <UnitTest name="IsRegExMatchIntegration (&quot;https:///&quot;)" storage="/home/runner/work/blackbytesbox.routed.requestfilters/blackbytesbox.routed.requestfilters/source/blackbytesbox.routed.requestfilters/blackbytesbox.routed.requestfilters.tests/bin/release/net9.0/blackbytesbox.routed.requestfilters.tests.dll" id="f817e4b5-d075-ea42-49a1-c565a73bb2f9">
      <Execution id="1776a472-2369-463a-b238-f61225765a2a" />
      <TestMethod codeBase="/home/runner/work/BlackBytesBox.Routed.RequestFilters/BlackBytesBox.Routed.RequestFilters/source/BlackBytesBox.Routed.RequestFilters/BlackBytesBox.Routed.RequestFilters.Tests/bin/Release/net9.0/BlackBytesBox.Routed.RequestFilters.Tests.dll" adapterTypeName="executor://mstestadapter/v2" className="BlackBytesBox.Routed.RequestFilters.Tests.ContextTests" name="IsRegExMatchIntegration" />
    </UnitTest>
    <UnitTest name="IsRegExMatchIntegration (&quot;foo&quot;,null,False)" storage="/home/runner/work/blackbytesbox.routed.requestfilters/blackbytesbox.routed.requestfilters/source/blackbytesbox.routed.requestfilters/blackbytesbox.routed.requestfilters.tests/bin/release/net9.0/blackbytesbox.routed.requestfilters.tests.dll" id="c4369302-c56f-44fb-3f23-b1c04be4c3a7">
      <Execution id="45e8ca5b-310e-4dc5-8196-95373a8cdadf" />
      <TestMethod codeBase="/home/runner/work/BlackBytesBox.Routed.RequestFilters/BlackBytesBox.Routed.RequestFilters/source/BlackBytesBox.Routed.RequestFilters/BlackBytesBox.Routed.RequestFilters.Tests/bin/Release/net9.0/BlackBytesBox.Routed.RequestFilters.Tests.dll" adapterTypeName="executor://mstestadapter/v2" className="BlackBytesBox.Routed.RequestFilters.Tests.RegExTests" name="IsRegExMatchIntegration" />
    </UnitTest>
    <UnitTest name="IsRegExMatchIntegration (&quot;foo&quot;,&quot;*&quot;,True)" storage="/home/runner/work/blackbytesbox.routed.requestfilters/blackbytesbox.routed.requestfilters/source/blackbytesbox.routed.requestfilters/blackbytesbox.routed.requestfilters.tests/bin/release/net9.0/blackbytesbox.routed.requestfilters.tests.dll" id="d7957730-df21-c691-a538-93b2799dc829">
      <Execution id="66072aff-e31b-4b35-82a6-eba29f0c40d8" />
      <TestMethod codeBase="/home/runner/work/BlackBytesBox.Routed.RequestFilters/BlackBytesBox.Routed.RequestFilters/source/BlackBytesBox.Routed.RequestFilters/BlackBytesBox.Routed.RequestFilters.Tests/bin/Release/net9.0/BlackBytesBox.Routed.RequestFilters.Tests.dll" adapterTypeName="executor://mstestadapter/v2" className="BlackBytesBox.Routed.RequestFilters.Tests.RegExTests" name="IsRegExMatchIntegration" />
    </UnitTest>
    <UnitTest name="IsRegExMatchIntegrationArray (&quot;foo&quot;,[&quot;*f*&quot;,&quot;*o&quot;,&quot;o&quot;],True)" storage="/home/runner/work/blackbytesbox.routed.requestfilters/blackbytesbox.routed.requestfilters/source/blackbytesbox.routed.requestfilters/blackbytesbox.routed.requestfilters.tests/bin/release/net9.0/blackbytesbox.routed.requestfilters.tests.dll" id="eb8d22a9-258a-b1b2-581a-c04af435eac0">
      <Execution id="70b51fdd-b237-48f5-be9f-6edf58846db8" />
      <TestMethod codeBase="/home/runner/work/BlackBytesBox.Routed.RequestFilters/BlackBytesBox.Routed.RequestFilters/source/BlackBytesBox.Routed.RequestFilters/BlackBytesBox.Routed.RequestFilters.Tests/bin/Release/net9.0/BlackBytesBox.Routed.RequestFilters.Tests.dll" adapterTypeName="executor://mstestadapter/v2" className="BlackBytesBox.Routed.RequestFilters.Tests.RegExTests" name="IsRegExMatchIntegrationArray" />
    </UnitTest>
    <UnitTest name="IsRegExMatchIntegrationArray (&quot;CRITFORGE.COM&quot;,[&quot;critforge.com&quot;],True)" storage="/home/runner/work/blackbytesbox.routed.requestfilters/blackbytesbox.routed.requestfilters/source/blackbytesbox.routed.requestfilters/blackbytesbox.routed.requestfilters.tests/bin/release/net9.0/blackbytesbox.routed.requestfilters.tests.dll" id="89e140d1-765f-6ef4-2832-7f7040788513">
      <Execution id="7e36c5ea-bbd9-489b-9421-c311eed09429" />
      <TestMethod codeBase="/home/runner/work/BlackBytesBox.Routed.RequestFilters/BlackBytesBox.Routed.RequestFilters/source/BlackBytesBox.Routed.RequestFilters/BlackBytesBox.Routed.RequestFilters.Tests/bin/Release/net9.0/BlackBytesBox.Routed.RequestFilters.Tests.dll" adapterTypeName="executor://mstestadapter/v2" className="BlackBytesBox.Routed.RequestFilters.Tests.RegExTests" name="IsRegExMatchIntegrationArray" />
    </UnitTest>
  </TestDefinitions>
  <TestEntries>
    <TestEntry testId="30788f73-9233-6c0e-20b9-e5e7738ce25a" executionId="aed20dd2-133f-451b-a63b-71f04b50292a" testListId="8c84fa94-04c1-424b-9868-57a2d4851a1d" />
    <TestEntry testId="f59ea59b-b653-47f6-0ef9-de66dfc6c68e" executionId="adbb592b-881b-47f8-9e9d-2dbb4a9b1ecd" testListId="8c84fa94-04c1-424b-9868-57a2d4851a1d" />
    <TestEntry testId="8332f7eb-6df6-17fa-7e37-7e0b63579e68" executionId="73e5a809-9265-4e00-a194-517e65003a82" testListId="8c84fa94-04c1-424b-9868-57a2d4851a1d" />
    <TestEntry testId="d2c42fa7-f2dc-ae5f-b261-27521ecdf3d0" executionId="0a4805e6-0046-49e4-81d0-ff2b38115ac8" testListId="8c84fa94-04c1-424b-9868-57a2d4851a1d" />
    <TestEntry testId="f59ea59b-b653-47f6-0ef9-de66dfc6c68e" executionId="6e4e6445-337a-4fb3-a72b-4892273054b1" testListId="8c84fa94-04c1-424b-9868-57a2d4851a1d" />
    <TestEntry testId="d4acf9d4-6034-e355-5f26-7bf6f871a988" executionId="831b440e-b048-40d6-b556-51760c7bfe1e" testListId="8c84fa94-04c1-424b-9868-57a2d4851a1d" />
    <TestEntry testId="f817e4b5-d075-ea42-49a1-c565a73bb2f9" executionId="1776a472-2369-463a-b238-f61225765a2a" testListId="8c84fa94-04c1-424b-9868-57a2d4851a1d" />
    <TestEntry testId="d7957730-df21-c691-a538-93b2799dc829" executionId="66072aff-e31b-4b35-82a6-eba29f0c40d8" testListId="8c84fa94-04c1-424b-9868-57a2d4851a1d" />
    <TestEntry testId="759c33a5-db99-6a11-9dab-1d09f154d970" executionId="d2ffe40a-fe61-42d7-848f-a2c69ab6ad02" testListId="8c84fa94-04c1-424b-9868-57a2d4851a1d" />
    <TestEntry testId="759c33a5-db99-6a11-9dab-1d09f154d970" executionId="146f003d-cf1d-49f2-904e-79dc7f836fca" testListId="8c84fa94-04c1-424b-9868-57a2d4851a1d" />
    <TestEntry testId="e69d8f5b-d313-f04f-5932-a62b3c1372d8" executionId="36fd1e3a-f687-42cb-b80f-259ae9901090" testListId="8c84fa94-04c1-424b-9868-57a2d4851a1d" />
    <TestEntry testId="eb8d22a9-258a-b1b2-581a-c04af435eac0" executionId="70b51fdd-b237-48f5-be9f-6edf58846db8" testListId="8c84fa94-04c1-424b-9868-57a2d4851a1d" />
    <TestEntry testId="c4369302-c56f-44fb-3f23-b1c04be4c3a7" executionId="45e8ca5b-310e-4dc5-8196-95373a8cdadf" testListId="8c84fa94-04c1-424b-9868-57a2d4851a1d" />
    <TestEntry testId="0120bcc0-0f50-9225-3552-7c8effeebf0b" executionId="c185470f-f49a-4827-89ed-e1d18fd5782d" testListId="8c84fa94-04c1-424b-9868-57a2d4851a1d" />
    <TestEntry testId="759c33a5-db99-6a11-9dab-1d09f154d970" executionId="68f3bfc0-6018-4c96-82d2-068aa36ae4d2" testListId="8c84fa94-04c1-424b-9868-57a2d4851a1d" />
    <TestEntry testId="df895dc0-2ccb-846a-e0ae-c35dd3884995" executionId="b8a21a38-e78f-4cef-a720-e11fa61584f4" testListId="8c84fa94-04c1-424b-9868-57a2d4851a1d" />
    <TestEntry testId="b292e116-23cd-95df-84c9-ccd9206c29c3" executionId="d84aa9d2-35f0-4db9-8b57-e111a2713c33" testListId="8c84fa94-04c1-424b-9868-57a2d4851a1d" />
    <TestEntry testId="efa609d9-2713-7b15-e1c9-c215aa9fed49" executionId="fe47542b-3108-4831-96c9-f277705067cf" testListId="8c84fa94-04c1-424b-9868-57a2d4851a1d" />
    <TestEntry testId="89e140d1-765f-6ef4-2832-7f7040788513" executionId="7e36c5ea-bbd9-489b-9421-c311eed09429" testListId="8c84fa94-04c1-424b-9868-57a2d4851a1d" />
  </TestEntries>
  <TestLists>
    <TestList name="Results Not in a List" id="8c84fa94-04c1-424b-9868-57a2d4851a1d" />
    <TestList name="All Loaded Results" id="19431567-8539-422a-85d7-44ee4e166bda" />
  </TestLists>
  <ResultSummary outcome="Completed">
    <Counters total="19" executed="19" passed="19" failed="0" error="0" timeout="0" aborted="0" inconclusive="0" passedButRunAborted="0" notRunnable="0" notExecuted="0" disconnected="0" warning="0" completed="0" inProgress="0" pending="0" />
  </ResultSummary>
</TestRun>